2022-08-06 11:20:04.675  INFO 22676 --- [restartedMain] c.l.l.OxfordApplication                  : Starting OxfordApplication using Java 11.0.12 on DESKTOP-6L79JE3 with PID 22676 (D:\Work\Xperia\oxford\target\classes started by Liem in D:\Work\Xperia\oxford)
2022-08-06 11:20:04.675 DEBUG 22676 --- [restartedMain] c.l.l.OxfordApplication                  : Running with Spring Boot v2.6.10, Spring v5.3.22
2022-08-06 11:20:04.675  INFO 22676 --- [restartedMain] c.l.l.OxfordApplication                  : No active profile set, falling back to 1 default profile: "default"
2022-08-06 11:20:05.042  INFO 22676 --- [restartedMain] .s.d.r.c.RepositoryConfigurationDelegate : Multiple Spring Data modules found, entering strict repository configuration mode
2022-08-06 11:20:05.043  INFO 22676 --- [restartedMain] .s.d.r.c.RepositoryConfigurationDelegate : Bootstrapping Spring Data Reactive MongoDB repositories in DEFAULT mode.
2022-08-06 11:20:05.044 DEBUG 22676 --- [restartedMain] .s.d.r.c.RepositoryConfigurationDelegate : Scanning for Reactive MongoDB repositories in packages com.liem.languageintergration.
2022-08-06 11:20:05.048 TRACE 22676 --- [restartedMain] o.s.d.r.c.RepositoryComponentProvider    : Scanning file [D:\Work\Xperia\oxford\target\classes\com\liem\languageintergration\config\CacheConfiguration.class]
2022-08-06 11:20:05.051 TRACE 22676 --- [restartedMain] o.s.d.r.c.RepositoryComponentProvider    : Ignored because not matching any filter: file [D:\Work\Xperia\oxford\target\classes\com\liem\languageintergration\config\CacheConfiguration.class]
2022-08-06 11:20:05.051 TRACE 22676 --- [restartedMain] o.s.d.r.c.RepositoryComponentProvider    : Scanning file [D:\Work\Xperia\oxford\target\classes\com\liem\languageintergration\config\ObjectMapperConfiguration.class]
2022-08-06 11:20:05.053 TRACE 22676 --- [restartedMain] o.s.d.r.c.RepositoryComponentProvider    : Ignored because not matching any filter: file [D:\Work\Xperia\oxford\target\classes\com\liem\languageintergration\config\ObjectMapperConfiguration.class]
2022-08-06 11:20:05.053 TRACE 22676 --- [restartedMain] o.s.d.r.c.RepositoryComponentProvider    : Scanning file [D:\Work\Xperia\oxford\target\classes\com\liem\languageintergration\dto\oxford\KeyValueDto$KeyValueDtoBuilder.class]
2022-08-06 11:20:05.054 TRACE 22676 --- [restartedMain] o.s.d.r.c.RepositoryComponentProvider    : Ignored because not matching any filter: file [D:\Work\Xperia\oxford\target\classes\com\liem\languageintergration\dto\oxford\KeyValueDto$KeyValueDtoBuilder.class]
2022-08-06 11:20:05.055 TRACE 22676 --- [restartedMain] o.s.d.r.c.RepositoryComponentProvider    : Scanning file [D:\Work\Xperia\oxford\target\classes\com\liem\languageintergration\dto\oxford\KeyValueDto$KeyValueDtoBuilderImpl.class]
2022-08-06 11:20:05.057 TRACE 22676 --- [restartedMain] o.s.d.r.c.RepositoryComponentProvider    : Ignored because not matching any filter: file [D:\Work\Xperia\oxford\target\classes\com\liem\languageintergration\dto\oxford\KeyValueDto$KeyValueDtoBuilderImpl.class]
2022-08-06 11:20:05.058 TRACE 22676 --- [restartedMain] o.s.d.r.c.RepositoryComponentProvider    : Scanning file [D:\Work\Xperia\oxford\target\classes\com\liem\languageintergration\dto\oxford\KeyValueDto.class]
2022-08-06 11:20:05.067 TRACE 22676 --- [restartedMain] o.s.d.r.c.RepositoryComponentProvider    : Ignored because not matching any filter: file [D:\Work\Xperia\oxford\target\classes\com\liem\languageintergration\dto\oxford\KeyValueDto.class]
2022-08-06 11:20:05.068 TRACE 22676 --- [restartedMain] o.s.d.r.c.RepositoryComponentProvider    : Scanning file [D:\Work\Xperia\oxford\target\classes\com\liem\languageintergration\dto\oxford\LexicalEntryDetailDto$LexicalEntryDetailDtoBuilder.class]
2022-08-06 11:20:05.069 TRACE 22676 --- [restartedMain] o.s.d.r.c.RepositoryComponentProvider    : Ignored because not matching any filter: file [D:\Work\Xperia\oxford\target\classes\com\liem\languageintergration\dto\oxford\LexicalEntryDetailDto$LexicalEntryDetailDtoBuilder.class]
2022-08-06 11:20:05.070 TRACE 22676 --- [restartedMain] o.s.d.r.c.RepositoryComponentProvider    : Scanning file [D:\Work\Xperia\oxford\target\classes\com\liem\languageintergration\dto\oxford\LexicalEntryDetailDto$LexicalEntryDetailDtoBuilderImpl.class]
2022-08-06 11:20:05.072 TRACE 22676 --- [restartedMain] o.s.d.r.c.RepositoryComponentProvider    : Ignored because not matching any filter: file [D:\Work\Xperia\oxford\target\classes\com\liem\languageintergration\dto\oxford\LexicalEntryDetailDto$LexicalEntryDetailDtoBuilderImpl.class]
2022-08-06 11:20:05.072 TRACE 22676 --- [restartedMain] o.s.d.r.c.RepositoryComponentProvider    : Scanning file [D:\Work\Xperia\oxford\target\classes\com\liem\languageintergration\dto\oxford\LexicalEntryDetailDto.class]
2022-08-06 11:20:05.074 TRACE 22676 --- [restartedMain] o.s.d.r.c.RepositoryComponentProvider    : Ignored because not matching any filter: file [D:\Work\Xperia\oxford\target\classes\com\liem\languageintergration\dto\oxford\LexicalEntryDetailDto.class]
2022-08-06 11:20:05.074 TRACE 22676 --- [restartedMain] o.s.d.r.c.RepositoryComponentProvider    : Scanning file [D:\Work\Xperia\oxford\target\classes\com\liem\languageintergration\dto\oxford\LexicalEntryDto$LexicalEntryDtoBuilder.class]
2022-08-06 11:20:05.082 TRACE 22676 --- [restartedMain] o.s.d.r.c.RepositoryComponentProvider    : Ignored because not matching any filter: file [D:\Work\Xperia\oxford\target\classes\com\liem\languageintergration\dto\oxford\LexicalEntryDto$LexicalEntryDtoBuilder.class]
2022-08-06 11:20:05.082 TRACE 22676 --- [restartedMain] o.s.d.r.c.RepositoryComponentProvider    : Scanning file [D:\Work\Xperia\oxford\target\classes\com\liem\languageintergration\dto\oxford\LexicalEntryDto$LexicalEntryDtoBuilderImpl.class]
2022-08-06 11:20:05.085 TRACE 22676 --- [restartedMain] o.s.d.r.c.RepositoryComponentProvider    : Ignored because not matching any filter: file [D:\Work\Xperia\oxford\target\classes\com\liem\languageintergration\dto\oxford\LexicalEntryDto$LexicalEntryDtoBuilderImpl.class]
2022-08-06 11:20:05.086 TRACE 22676 --- [restartedMain] o.s.d.r.c.RepositoryComponentProvider    : Scanning file [D:\Work\Xperia\oxford\target\classes\com\liem\languageintergration\dto\oxford\LexicalEntryDto.class]
2022-08-06 11:20:05.088 TRACE 22676 --- [restartedMain] o.s.d.r.c.RepositoryComponentProvider    : Ignored because not matching any filter: file [D:\Work\Xperia\oxford\target\classes\com\liem\languageintergration\dto\oxford\LexicalEntryDto.class]
2022-08-06 11:20:05.089 TRACE 22676 --- [restartedMain] o.s.d.r.c.RepositoryComponentProvider    : Scanning file [D:\Work\Xperia\oxford\target\classes\com\liem\languageintergration\dto\oxford\MetadataDto$MetadataDtoBuilder.class]
2022-08-06 11:20:05.091 TRACE 22676 --- [restartedMain] o.s.d.r.c.RepositoryComponentProvider    : Ignored because not matching any filter: file [D:\Work\Xperia\oxford\target\classes\com\liem\languageintergration\dto\oxford\MetadataDto$MetadataDtoBuilder.class]
2022-08-06 11:20:05.091 TRACE 22676 --- [restartedMain] o.s.d.r.c.RepositoryComponentProvider    : Scanning file [D:\Work\Xperia\oxford\target\classes\com\liem\languageintergration\dto\oxford\MetadataDto$MetadataDtoBuilderImpl.class]
2022-08-06 11:20:05.094 TRACE 22676 --- [restartedMain] o.s.d.r.c.RepositoryComponentProvider    : Ignored because not matching any filter: file [D:\Work\Xperia\oxford\target\classes\com\liem\languageintergration\dto\oxford\MetadataDto$MetadataDtoBuilderImpl.class]
2022-08-06 11:20:05.095 TRACE 22676 --- [restartedMain] o.s.d.r.c.RepositoryComponentProvider    : Scanning file [D:\Work\Xperia\oxford\target\classes\com\liem\languageintergration\dto\oxford\MetadataDto.class]
2022-08-06 11:20:05.097 TRACE 22676 --- [restartedMain] o.s.d.r.c.RepositoryComponentProvider    : Ignored because not matching any filter: file [D:\Work\Xperia\oxford\target\classes\com\liem\languageintergration\dto\oxford\MetadataDto.class]
2022-08-06 11:20:05.098 TRACE 22676 --- [restartedMain] o.s.d.r.c.RepositoryComponentProvider    : Scanning file [D:\Work\Xperia\oxford\target\classes\com\liem\languageintergration\dto\oxford\SenseDto$SenseDtoBuilder.class]
2022-08-06 11:20:05.100 TRACE 22676 --- [restartedMain] o.s.d.r.c.RepositoryComponentProvider    : Ignored because not matching any filter: file [D:\Work\Xperia\oxford\target\classes\com\liem\languageintergration\dto\oxford\SenseDto$SenseDtoBuilder.class]
2022-08-06 11:20:05.100 TRACE 22676 --- [restartedMain] o.s.d.r.c.RepositoryComponentProvider    : Scanning file [D:\Work\Xperia\oxford\target\classes\com\liem\languageintergration\dto\oxford\SenseDto$SenseDtoBuilderImpl.class]
2022-08-06 11:20:05.102 TRACE 22676 --- [restartedMain] o.s.d.r.c.RepositoryComponentProvider    : Ignored because not matching any filter: file [D:\Work\Xperia\oxford\target\classes\com\liem\languageintergration\dto\oxford\SenseDto$SenseDtoBuilderImpl.class]
2022-08-06 11:20:05.103 TRACE 22676 --- [restartedMain] o.s.d.r.c.RepositoryComponentProvider    : Scanning file [D:\Work\Xperia\oxford\target\classes\com\liem\languageintergration\dto\oxford\SenseDto.class]
2022-08-06 11:20:05.105 TRACE 22676 --- [restartedMain] o.s.d.r.c.RepositoryComponentProvider    : Ignored because not matching any filter: file [D:\Work\Xperia\oxford\target\classes\com\liem\languageintergration\dto\oxford\SenseDto.class]
2022-08-06 11:20:05.105 TRACE 22676 --- [restartedMain] o.s.d.r.c.RepositoryComponentProvider    : Scanning file [D:\Work\Xperia\oxford\target\classes\com\liem\languageintergration\dto\oxford\TranslationDto$TranslationDtoBuilder.class]
2022-08-06 11:20:05.107 TRACE 22676 --- [restartedMain] o.s.d.r.c.RepositoryComponentProvider    : Ignored because not matching any filter: file [D:\Work\Xperia\oxford\target\classes\com\liem\languageintergration\dto\oxford\TranslationDto$TranslationDtoBuilder.class]
2022-08-06 11:20:05.108 TRACE 22676 --- [restartedMain] o.s.d.r.c.RepositoryComponentProvider    : Scanning file [D:\Work\Xperia\oxford\target\classes\com\liem\languageintergration\dto\oxford\TranslationDto$TranslationDtoBuilderImpl.class]
2022-08-06 11:20:05.109 TRACE 22676 --- [restartedMain] o.s.d.r.c.RepositoryComponentProvider    : Ignored because not matching any filter: file [D:\Work\Xperia\oxford\target\classes\com\liem\languageintergration\dto\oxford\TranslationDto$TranslationDtoBuilderImpl.class]
2022-08-06 11:20:05.110 TRACE 22676 --- [restartedMain] o.s.d.r.c.RepositoryComponentProvider    : Scanning file [D:\Work\Xperia\oxford\target\classes\com\liem\languageintergration\dto\oxford\TranslationDto.class]
2022-08-06 11:20:05.111 TRACE 22676 --- [restartedMain] o.s.d.r.c.RepositoryComponentProvider    : Ignored because not matching any filter: file [D:\Work\Xperia\oxford\target\classes\com\liem\languageintergration\dto\oxford\TranslationDto.class]
2022-08-06 11:20:05.112 TRACE 22676 --- [restartedMain] o.s.d.r.c.RepositoryComponentProvider    : Scanning file [D:\Work\Xperia\oxford\target\classes\com\liem\languageintergration\dto\oxford\TranslationEntryDto$TranslationEntryDtoBuilder.class]
2022-08-06 11:20:05.113 TRACE 22676 --- [restartedMain] o.s.d.r.c.RepositoryComponentProvider    : Ignored because not matching any filter: file [D:\Work\Xperia\oxford\target\classes\com\liem\languageintergration\dto\oxford\TranslationEntryDto$TranslationEntryDtoBuilder.class]
2022-08-06 11:20:05.114 TRACE 22676 --- [restartedMain] o.s.d.r.c.RepositoryComponentProvider    : Scanning file [D:\Work\Xperia\oxford\target\classes\com\liem\languageintergration\dto\oxford\TranslationEntryDto$TranslationEntryDtoBuilderImpl.class]
2022-08-06 11:20:05.116 TRACE 22676 --- [restartedMain] o.s.d.r.c.RepositoryComponentProvider    : Ignored because not matching any filter: file [D:\Work\Xperia\oxford\target\classes\com\liem\languageintergration\dto\oxford\TranslationEntryDto$TranslationEntryDtoBuilderImpl.class]
2022-08-06 11:20:05.116 TRACE 22676 --- [restartedMain] o.s.d.r.c.RepositoryComponentProvider    : Scanning file [D:\Work\Xperia\oxford\target\classes\com\liem\languageintergration\dto\oxford\TranslationEntryDto.class]
2022-08-06 11:20:05.118 TRACE 22676 --- [restartedMain] o.s.d.r.c.RepositoryComponentProvider    : Ignored because not matching any filter: file [D:\Work\Xperia\oxford\target\classes\com\liem\languageintergration\dto\oxford\TranslationEntryDto.class]
2022-08-06 11:20:05.118 TRACE 22676 --- [restartedMain] o.s.d.r.c.RepositoryComponentProvider    : Scanning file [D:\Work\Xperia\oxford\target\classes\com\liem\languageintergration\excpetions\TranslateTrackingException.class]
2022-08-06 11:20:05.128 TRACE 22676 --- [restartedMain] o.s.d.r.c.RepositoryComponentProvider    : Ignored because not matching any filter: file [D:\Work\Xperia\oxford\target\classes\com\liem\languageintergration\excpetions\TranslateTrackingException.class]
2022-08-06 11:20:05.128 TRACE 22676 --- [restartedMain] o.s.d.r.c.RepositoryComponentProvider    : Scanning file [D:\Work\Xperia\oxford\target\classes\com\liem\languageintergration\service\domains\TranslationTrackingCommandService.class]
2022-08-06 11:20:05.137 TRACE 22676 --- [restartedMain] o.s.d.r.c.RepositoryComponentProvider    : Ignored because not matching any filter: file [D:\Work\Xperia\oxford\target\classes\com\liem\languageintergration\service\domains\TranslationTrackingCommandService.class]
2022-08-06 11:20:05.137  INFO 22676 --- [restartedMain] .s.d.r.c.RepositoryConfigurationDelegate : Finished Spring Data repository scanning in 93 ms. Found 0 Reactive MongoDB repository interfaces.
2022-08-06 11:20:05.451  INFO 22676 --- [restartedMain] .s.d.r.c.RepositoryConfigurationDelegate : Multiple Spring Data modules found, entering strict repository configuration mode
2022-08-06 11:20:05.451  INFO 22676 --- [restartedMain] .s.d.r.c.RepositoryConfigurationDelegate : Bootstrapping Spring Data Redis repositories in DEFAULT mode.
2022-08-06 11:20:05.451 DEBUG 22676 --- [restartedMain] .s.d.r.c.RepositoryConfigurationDelegate : Scanning for Redis repositories in packages com.liem.languageintergration.
2022-08-06 11:20:05.457 TRACE 22676 --- [restartedMain] o.s.d.r.c.RepositoryComponentProvider    : Scanning file [D:\Work\Xperia\oxford\target\classes\com\liem\languageintergration\OxfordApplication.class]
2022-08-06 11:20:05.466 TRACE 22676 --- [restartedMain] o.s.d.r.c.RepositoryComponentProvider    : Ignored because not matching any filter: file [D:\Work\Xperia\oxford\target\classes\com\liem\languageintergration\OxfordApplication.class]
2022-08-06 11:20:05.467 TRACE 22676 --- [restartedMain] o.s.d.r.c.RepositoryComponentProvider    : Scanning file [D:\Work\Xperia\oxford\target\classes\com\liem\languageintergration\config\CacheConfiguration.class]
2022-08-06 11:20:05.467 TRACE 22676 --- [restartedMain] o.s.d.r.c.RepositoryComponentProvider    : Ignored because not matching any filter: file [D:\Work\Xperia\oxford\target\classes\com\liem\languageintergration\config\CacheConfiguration.class]
2022-08-06 11:20:05.467 TRACE 22676 --- [restartedMain] o.s.d.r.c.RepositoryComponentProvider    : Scanning file [D:\Work\Xperia\oxford\target\classes\com\liem\languageintergration\config\IntegrationConfiguration.class]
2022-08-06 11:20:05.469 TRACE 22676 --- [restartedMain] o.s.d.r.c.RepositoryComponentProvider    : Ignored because not matching any filter: file [D:\Work\Xperia\oxford\target\classes\com\liem\languageintergration\config\IntegrationConfiguration.class]
2022-08-06 11:20:05.469 TRACE 22676 --- [restartedMain] o.s.d.r.c.RepositoryComponentProvider    : Scanning file [D:\Work\Xperia\oxford\target\classes\com\liem\languageintergration\config\ObjectMapperConfiguration.class]
2022-08-06 11:20:05.469 TRACE 22676 --- [restartedMain] o.s.d.r.c.RepositoryComponentProvider    : Ignored because not matching any filter: file [D:\Work\Xperia\oxford\target\classes\com\liem\languageintergration\config\ObjectMapperConfiguration.class]
2022-08-06 11:20:05.469 TRACE 22676 --- [restartedMain] o.s.d.r.c.RepositoryComponentProvider    : Scanning file [D:\Work\Xperia\oxford\target\classes\com\liem\languageintergration\config\RabbitConfiguration.class]
2022-08-06 11:20:05.471 TRACE 22676 --- [restartedMain] o.s.d.r.c.RepositoryComponentProvider    : Ignored because not matching any filter: file [D:\Work\Xperia\oxford\target\classes\com\liem\languageintergration\config\RabbitConfiguration.class]
2022-08-06 11:20:05.471 TRACE 22676 --- [restartedMain] o.s.d.r.c.RepositoryComponentProvider    : Scanning file [D:\Work\Xperia\oxford\target\classes\com\liem\languageintergration\dto\oxford\KeyValueDto$KeyValueDtoBuilder.class]
2022-08-06 11:20:05.471 TRACE 22676 --- [restartedMain] o.s.d.r.c.RepositoryComponentProvider    : Ignored because not matching any filter: file [D:\Work\Xperia\oxford\target\classes\com\liem\languageintergration\dto\oxford\KeyValueDto$KeyValueDtoBuilder.class]
2022-08-06 11:20:05.471 TRACE 22676 --- [restartedMain] o.s.d.r.c.RepositoryComponentProvider    : Scanning file [D:\Work\Xperia\oxford\target\classes\com\liem\languageintergration\dto\oxford\KeyValueDto$KeyValueDtoBuilderImpl.class]
2022-08-06 11:20:05.471 TRACE 22676 --- [restartedMain] o.s.d.r.c.RepositoryComponentProvider    : Ignored because not matching any filter: file [D:\Work\Xperia\oxford\target\classes\com\liem\languageintergration\dto\oxford\KeyValueDto$KeyValueDtoBuilderImpl.class]
2022-08-06 11:20:05.471 TRACE 22676 --- [restartedMain] o.s.d.r.c.RepositoryComponentProvider    : Scanning file [D:\Work\Xperia\oxford\target\classes\com\liem\languageintergration\dto\oxford\KeyValueDto.class]
2022-08-06 11:20:05.472 TRACE 22676 --- [restartedMain] o.s.d.r.c.RepositoryComponentProvider    : Ignored because not matching any filter: file [D:\Work\Xperia\oxford\target\classes\com\liem\languageintergration\dto\oxford\KeyValueDto.class]
2022-08-06 11:20:05.472 TRACE 22676 --- [restartedMain] o.s.d.r.c.RepositoryComponentProvider    : Scanning file [D:\Work\Xperia\oxford\target\classes\com\liem\languageintergration\dto\oxford\LexicalEntryDetailDto$LexicalEntryDetailDtoBuilder.class]
2022-08-06 11:20:05.472 TRACE 22676 --- [restartedMain] o.s.d.r.c.RepositoryComponentProvider    : Ignored because not matching any filter: file [D:\Work\Xperia\oxford\target\classes\com\liem\languageintergration\dto\oxford\LexicalEntryDetailDto$LexicalEntryDetailDtoBuilder.class]
2022-08-06 11:20:05.472 TRACE 22676 --- [restartedMain] o.s.d.r.c.RepositoryComponentProvider    : Scanning file [D:\Work\Xperia\oxford\target\classes\com\liem\languageintergration\dto\oxford\LexicalEntryDetailDto$LexicalEntryDetailDtoBuilderImpl.class]
2022-08-06 11:20:05.472 TRACE 22676 --- [restartedMain] o.s.d.r.c.RepositoryComponentProvider    : Ignored because not matching any filter: file [D:\Work\Xperia\oxford\target\classes\com\liem\languageintergration\dto\oxford\LexicalEntryDetailDto$LexicalEntryDetailDtoBuilderImpl.class]
2022-08-06 11:20:05.473 TRACE 22676 --- [restartedMain] o.s.d.r.c.RepositoryComponentProvider    : Scanning file [D:\Work\Xperia\oxford\target\classes\com\liem\languageintergration\dto\oxford\LexicalEntryDetailDto.class]
2022-08-06 11:20:05.473 TRACE 22676 --- [restartedMain] o.s.d.r.c.RepositoryComponentProvider    : Ignored because not matching any filter: file [D:\Work\Xperia\oxford\target\classes\com\liem\languageintergration\dto\oxford\LexicalEntryDetailDto.class]
2022-08-06 11:20:05.473 TRACE 22676 --- [restartedMain] o.s.d.r.c.RepositoryComponentProvider    : Scanning file [D:\Work\Xperia\oxford\target\classes\com\liem\languageintergration\dto\oxford\LexicalEntryDto$LexicalEntryDtoBuilder.class]
2022-08-06 11:20:05.473 TRACE 22676 --- [restartedMain] o.s.d.r.c.RepositoryComponentProvider    : Ignored because not matching any filter: file [D:\Work\Xperia\oxford\target\classes\com\liem\languageintergration\dto\oxford\LexicalEntryDto$LexicalEntryDtoBuilder.class]
2022-08-06 11:20:05.473 TRACE 22676 --- [restartedMain] o.s.d.r.c.RepositoryComponentProvider    : Scanning file [D:\Work\Xperia\oxford\target\classes\com\liem\languageintergration\dto\oxford\LexicalEntryDto$LexicalEntryDtoBuilderImpl.class]
2022-08-06 11:20:05.473 TRACE 22676 --- [restartedMain] o.s.d.r.c.RepositoryComponentProvider    : Ignored because not matching any filter: file [D:\Work\Xperia\oxford\target\classes\com\liem\languageintergration\dto\oxford\LexicalEntryDto$LexicalEntryDtoBuilderImpl.class]
2022-08-06 11:20:05.473 TRACE 22676 --- [restartedMain] o.s.d.r.c.RepositoryComponentProvider    : Scanning file [D:\Work\Xperia\oxford\target\classes\com\liem\languageintergration\dto\oxford\LexicalEntryDto.class]
2022-08-06 11:20:05.474 TRACE 22676 --- [restartedMain] o.s.d.r.c.RepositoryComponentProvider    : Ignored because not matching any filter: file [D:\Work\Xperia\oxford\target\classes\com\liem\languageintergration\dto\oxford\LexicalEntryDto.class]
2022-08-06 11:20:05.474 TRACE 22676 --- [restartedMain] o.s.d.r.c.RepositoryComponentProvider    : Scanning file [D:\Work\Xperia\oxford\target\classes\com\liem\languageintergration\dto\oxford\MetadataDto$MetadataDtoBuilder.class]
2022-08-06 11:20:05.474 TRACE 22676 --- [restartedMain] o.s.d.r.c.RepositoryComponentProvider    : Ignored because not matching any filter: file [D:\Work\Xperia\oxford\target\classes\com\liem\languageintergration\dto\oxford\MetadataDto$MetadataDtoBuilder.class]
2022-08-06 11:20:05.474 TRACE 22676 --- [restartedMain] o.s.d.r.c.RepositoryComponentProvider    : Scanning file [D:\Work\Xperia\oxford\target\classes\com\liem\languageintergration\dto\oxford\MetadataDto$MetadataDtoBuilderImpl.class]
2022-08-06 11:20:05.474 TRACE 22676 --- [restartedMain] o.s.d.r.c.RepositoryComponentProvider    : Ignored because not matching any filter: file [D:\Work\Xperia\oxford\target\classes\com\liem\languageintergration\dto\oxford\MetadataDto$MetadataDtoBuilderImpl.class]
2022-08-06 11:20:05.474 TRACE 22676 --- [restartedMain] o.s.d.r.c.RepositoryComponentProvider    : Scanning file [D:\Work\Xperia\oxford\target\classes\com\liem\languageintergration\dto\oxford\MetadataDto.class]
2022-08-06 11:20:05.474 TRACE 22676 --- [restartedMain] o.s.d.r.c.RepositoryComponentProvider    : Ignored because not matching any filter: file [D:\Work\Xperia\oxford\target\classes\com\liem\languageintergration\dto\oxford\MetadataDto.class]
2022-08-06 11:20:05.475 TRACE 22676 --- [restartedMain] o.s.d.r.c.RepositoryComponentProvider    : Scanning file [D:\Work\Xperia\oxford\target\classes\com\liem\languageintergration\dto\oxford\SenseDto$SenseDtoBuilder.class]
2022-08-06 11:20:05.475 TRACE 22676 --- [restartedMain] o.s.d.r.c.RepositoryComponentProvider    : Ignored because not matching any filter: file [D:\Work\Xperia\oxford\target\classes\com\liem\languageintergration\dto\oxford\SenseDto$SenseDtoBuilder.class]
2022-08-06 11:20:05.475 TRACE 22676 --- [restartedMain] o.s.d.r.c.RepositoryComponentProvider    : Scanning file [D:\Work\Xperia\oxford\target\classes\com\liem\languageintergration\dto\oxford\SenseDto$SenseDtoBuilderImpl.class]
2022-08-06 11:20:05.475 TRACE 22676 --- [restartedMain] o.s.d.r.c.RepositoryComponentProvider    : Ignored because not matching any filter: file [D:\Work\Xperia\oxford\target\classes\com\liem\languageintergration\dto\oxford\SenseDto$SenseDtoBuilderImpl.class]
2022-08-06 11:20:05.475 TRACE 22676 --- [restartedMain] o.s.d.r.c.RepositoryComponentProvider    : Scanning file [D:\Work\Xperia\oxford\target\classes\com\liem\languageintergration\dto\oxford\SenseDto.class]
2022-08-06 11:20:05.475 TRACE 22676 --- [restartedMain] o.s.d.r.c.RepositoryComponentProvider    : Ignored because not matching any filter: file [D:\Work\Xperia\oxford\target\classes\com\liem\languageintergration\dto\oxford\SenseDto.class]
2022-08-06 11:20:05.475 TRACE 22676 --- [restartedMain] o.s.d.r.c.RepositoryComponentProvider    : Scanning file [D:\Work\Xperia\oxford\target\classes\com\liem\languageintergration\dto\oxford\TranslationDto$TranslationDtoBuilder.class]
2022-08-06 11:20:05.476 TRACE 22676 --- [restartedMain] o.s.d.r.c.RepositoryComponentProvider    : Ignored because not matching any filter: file [D:\Work\Xperia\oxford\target\classes\com\liem\languageintergration\dto\oxford\TranslationDto$TranslationDtoBuilder.class]
2022-08-06 11:20:05.476 TRACE 22676 --- [restartedMain] o.s.d.r.c.RepositoryComponentProvider    : Scanning file [D:\Work\Xperia\oxford\target\classes\com\liem\languageintergration\dto\oxford\TranslationDto$TranslationDtoBuilderImpl.class]
2022-08-06 11:20:05.476 TRACE 22676 --- [restartedMain] o.s.d.r.c.RepositoryComponentProvider    : Ignored because not matching any filter: file [D:\Work\Xperia\oxford\target\classes\com\liem\languageintergration\dto\oxford\TranslationDto$TranslationDtoBuilderImpl.class]
2022-08-06 11:20:05.476 TRACE 22676 --- [restartedMain] o.s.d.r.c.RepositoryComponentProvider    : Scanning file [D:\Work\Xperia\oxford\target\classes\com\liem\languageintergration\dto\oxford\TranslationDto.class]
2022-08-06 11:20:05.476 TRACE 22676 --- [restartedMain] o.s.d.r.c.RepositoryComponentProvider    : Ignored because not matching any filter: file [D:\Work\Xperia\oxford\target\classes\com\liem\languageintergration\dto\oxford\TranslationDto.class]
2022-08-06 11:20:05.476 TRACE 22676 --- [restartedMain] o.s.d.r.c.RepositoryComponentProvider    : Scanning file [D:\Work\Xperia\oxford\target\classes\com\liem\languageintergration\dto\oxford\TranslationEntryDto$TranslationEntryDtoBuilder.class]
2022-08-06 11:20:05.476 TRACE 22676 --- [restartedMain] o.s.d.r.c.RepositoryComponentProvider    : Ignored because not matching any filter: file [D:\Work\Xperia\oxford\target\classes\com\liem\languageintergration\dto\oxford\TranslationEntryDto$TranslationEntryDtoBuilder.class]
2022-08-06 11:20:05.476 TRACE 22676 --- [restartedMain] o.s.d.r.c.RepositoryComponentProvider    : Scanning file [D:\Work\Xperia\oxford\target\classes\com\liem\languageintergration\dto\oxford\TranslationEntryDto$TranslationEntryDtoBuilderImpl.class]
2022-08-06 11:20:05.477 TRACE 22676 --- [restartedMain] o.s.d.r.c.RepositoryComponentProvider    : Ignored because not matching any filter: file [D:\Work\Xperia\oxford\target\classes\com\liem\languageintergration\dto\oxford\TranslationEntryDto$TranslationEntryDtoBuilderImpl.class]
2022-08-06 11:20:05.477 TRACE 22676 --- [restartedMain] o.s.d.r.c.RepositoryComponentProvider    : Scanning file [D:\Work\Xperia\oxford\target\classes\com\liem\languageintergration\dto\oxford\TranslationEntryDto.class]
2022-08-06 11:20:05.477 TRACE 22676 --- [restartedMain] o.s.d.r.c.RepositoryComponentProvider    : Ignored because not matching any filter: file [D:\Work\Xperia\oxford\target\classes\com\liem\languageintergration\dto\oxford\TranslationEntryDto.class]
2022-08-06 11:20:05.477 TRACE 22676 --- [restartedMain] o.s.d.r.c.RepositoryComponentProvider    : Scanning file [D:\Work\Xperia\oxford\target\classes\com\liem\languageintergration\dto\responses\ApiResponseCode.class]
2022-08-06 11:20:05.479 TRACE 22676 --- [restartedMain] o.s.d.r.c.RepositoryComponentProvider    : Ignored because not matching any filter: file [D:\Work\Xperia\oxford\target\classes\com\liem\languageintergration\dto\responses\ApiResponseCode.class]
2022-08-06 11:20:05.479 TRACE 22676 --- [restartedMain] o.s.d.r.c.RepositoryComponentProvider    : Scanning file [D:\Work\Xperia\oxford\target\classes\com\liem\languageintergration\dto\responses\TranslationDetailDto$TranslationDetailDtoBuilder.class]
2022-08-06 11:20:05.488 TRACE 22676 --- [restartedMain] o.s.d.r.c.RepositoryComponentProvider    : Ignored because not matching any filter: file [D:\Work\Xperia\oxford\target\classes\com\liem\languageintergration\dto\responses\TranslationDetailDto$TranslationDetailDtoBuilder.class]
2022-08-06 11:20:05.489 TRACE 22676 --- [restartedMain] o.s.d.r.c.RepositoryComponentProvider    : Scanning file [D:\Work\Xperia\oxford\target\classes\com\liem\languageintergration\dto\responses\TranslationDetailDto$TranslationDetailDtoBuilderImpl.class]
2022-08-06 11:20:05.491 TRACE 22676 --- [restartedMain] o.s.d.r.c.RepositoryComponentProvider    : Ignored because not matching any filter: file [D:\Work\Xperia\oxford\target\classes\com\liem\languageintergration\dto\responses\TranslationDetailDto$TranslationDetailDtoBuilderImpl.class]
2022-08-06 11:20:05.491 TRACE 22676 --- [restartedMain] o.s.d.r.c.RepositoryComponentProvider    : Scanning file [D:\Work\Xperia\oxford\target\classes\com\liem\languageintergration\dto\responses\TranslationDetailDto.class]
2022-08-06 11:20:05.499 TRACE 22676 --- [restartedMain] o.s.d.r.c.RepositoryComponentProvider    : Ignored because not matching any filter: file [D:\Work\Xperia\oxford\target\classes\com\liem\languageintergration\dto\responses\TranslationDetailDto.class]
2022-08-06 11:20:05.500 TRACE 22676 --- [restartedMain] o.s.d.r.c.RepositoryComponentProvider    : Scanning file [D:\Work\Xperia\oxford\target\classes\com\liem\languageintergration\dto\responses\TranslationResponseDto$TranslationResponseDtoBuilder.class]
2022-08-06 11:20:05.502 TRACE 22676 --- [restartedMain] o.s.d.r.c.RepositoryComponentProvider    : Ignored because not matching any filter: file [D:\Work\Xperia\oxford\target\classes\com\liem\languageintergration\dto\responses\TranslationResponseDto$TranslationResponseDtoBuilder.class]
2022-08-06 11:20:05.502 TRACE 22676 --- [restartedMain] o.s.d.r.c.RepositoryComponentProvider    : Scanning file [D:\Work\Xperia\oxford\target\classes\com\liem\languageintergration\dto\responses\TranslationResponseDto$TranslationResponseDtoBuilderImpl.class]
2022-08-06 11:20:05.504 TRACE 22676 --- [restartedMain] o.s.d.r.c.RepositoryComponentProvider    : Ignored because not matching any filter: file [D:\Work\Xperia\oxford\target\classes\com\liem\languageintergration\dto\responses\TranslationResponseDto$TranslationResponseDtoBuilderImpl.class]
2022-08-06 11:20:05.504 TRACE 22676 --- [restartedMain] o.s.d.r.c.RepositoryComponentProvider    : Scanning file [D:\Work\Xperia\oxford\target\classes\com\liem\languageintergration\dto\responses\TranslationResponseDto.class]
2022-08-06 11:20:05.505 TRACE 22676 --- [restartedMain] o.s.d.r.c.RepositoryComponentProvider    : Ignored because not matching any filter: file [D:\Work\Xperia\oxford\target\classes\com\liem\languageintergration\dto\responses\TranslationResponseDto.class]
2022-08-06 11:20:05.506 TRACE 22676 --- [restartedMain] o.s.d.r.c.RepositoryComponentProvider    : Scanning file [D:\Work\Xperia\oxford\target\classes\com\liem\languageintergration\dto\tracking\TranslationTrackingDto$TranslationTrackingDtoBuilder.class]
2022-08-06 11:20:05.507 TRACE 22676 --- [restartedMain] o.s.d.r.c.RepositoryComponentProvider    : Ignored because not matching any filter: file [D:\Work\Xperia\oxford\target\classes\com\liem\languageintergration\dto\tracking\TranslationTrackingDto$TranslationTrackingDtoBuilder.class]
2022-08-06 11:20:05.508 TRACE 22676 --- [restartedMain] o.s.d.r.c.RepositoryComponentProvider    : Scanning file [D:\Work\Xperia\oxford\target\classes\com\liem\languageintergration\dto\tracking\TranslationTrackingDto$TranslationTrackingDtoBuilderImpl.class]
2022-08-06 11:20:05.510 TRACE 22676 --- [restartedMain] o.s.d.r.c.RepositoryComponentProvider    : Ignored because not matching any filter: file [D:\Work\Xperia\oxford\target\classes\com\liem\languageintergration\dto\tracking\TranslationTrackingDto$TranslationTrackingDtoBuilderImpl.class]
2022-08-06 11:20:05.510 TRACE 22676 --- [restartedMain] o.s.d.r.c.RepositoryComponentProvider    : Scanning file [D:\Work\Xperia\oxford\target\classes\com\liem\languageintergration\dto\tracking\TranslationTrackingDto.class]
2022-08-06 11:20:05.511 TRACE 22676 --- [restartedMain] o.s.d.r.c.RepositoryComponentProvider    : Ignored because not matching any filter: file [D:\Work\Xperia\oxford\target\classes\com\liem\languageintergration\dto\tracking\TranslationTrackingDto.class]
2022-08-06 11:20:05.512 TRACE 22676 --- [restartedMain] o.s.d.r.c.RepositoryComponentProvider    : Scanning file [D:\Work\Xperia\oxford\target\classes\com\liem\languageintergration\excpetions\MappingException.class]
2022-08-06 11:20:05.513 TRACE 22676 --- [restartedMain] o.s.d.r.c.RepositoryComponentProvider    : Ignored because not matching any filter: file [D:\Work\Xperia\oxford\target\classes\com\liem\languageintergration\excpetions\MappingException.class]
2022-08-06 11:20:05.513 TRACE 22676 --- [restartedMain] o.s.d.r.c.RepositoryComponentProvider    : Scanning file [D:\Work\Xperia\oxford\target\classes\com\liem\languageintergration\excpetions\TranslateTrackingException.class]
2022-08-06 11:20:05.514 TRACE 22676 --- [restartedMain] o.s.d.r.c.RepositoryComponentProvider    : Ignored because not matching any filter: file [D:\Work\Xperia\oxford\target\classes\com\liem\languageintergration\excpetions\TranslateTrackingException.class]
2022-08-06 11:20:05.514 TRACE 22676 --- [restartedMain] o.s.d.r.c.RepositoryComponentProvider    : Scanning file [D:\Work\Xperia\oxford\target\classes\com\liem\languageintergration\factory\ClientFactory.class]
2022-08-06 11:20:05.516 TRACE 22676 --- [restartedMain] o.s.d.r.c.RepositoryComponentProvider    : Ignored because not matching any filter: file [D:\Work\Xperia\oxford\target\classes\com\liem\languageintergration\factory\ClientFactory.class]
2022-08-06 11:20:05.517 TRACE 22676 --- [restartedMain] o.s.d.r.c.RepositoryComponentProvider    : Scanning file [D:\Work\Xperia\oxford\target\classes\com\liem\languageintergration\mapper\TranslationResponseMapper.class]
2022-08-06 11:20:05.518 TRACE 22676 --- [restartedMain] o.s.d.r.c.RepositoryComponentProvider    : Ignored because not matching any filter: file [D:\Work\Xperia\oxford\target\classes\com\liem\languageintergration\mapper\TranslationResponseMapper.class]
2022-08-06 11:20:05.518 TRACE 22676 --- [restartedMain] o.s.d.r.c.RepositoryComponentProvider    : Scanning file [D:\Work\Xperia\oxford\target\classes\com\liem\languageintergration\service\applications\message\TranslationTrackingMessageReceiverService.class]
2022-08-06 11:20:05.525 TRACE 22676 --- [restartedMain] o.s.d.r.c.RepositoryComponentProvider    : Ignored because not matching any filter: file [D:\Work\Xperia\oxford\target\classes\com\liem\languageintergration\service\applications\message\TranslationTrackingMessageReceiverService.class]
2022-08-06 11:20:05.525 TRACE 22676 --- [restartedMain] o.s.d.r.c.RepositoryComponentProvider    : Scanning file [D:\Work\Xperia\oxford\target\classes\com\liem\languageintergration\service\applications\message\TranslationTrackingMessageSenderService.class]
2022-08-06 11:20:05.537 TRACE 22676 --- [restartedMain] o.s.d.r.c.RepositoryComponentProvider    : Ignored because not matching any filter: file [D:\Work\Xperia\oxford\target\classes\com\liem\languageintergration\service\applications\message\TranslationTrackingMessageSenderService.class]
2022-08-06 11:20:05.537 TRACE 22676 --- [restartedMain] o.s.d.r.c.RepositoryComponentProvider    : Scanning file [D:\Work\Xperia\oxford\target\classes\com\liem\languageintergration\service\domains\TranslationService.class]
2022-08-06 11:20:05.539 TRACE 22676 --- [restartedMain] o.s.d.r.c.RepositoryComponentProvider    : Ignored because not matching any filter: file [D:\Work\Xperia\oxford\target\classes\com\liem\languageintergration\service\domains\TranslationService.class]
2022-08-06 11:20:05.539 TRACE 22676 --- [restartedMain] o.s.d.r.c.RepositoryComponentProvider    : Scanning file [D:\Work\Xperia\oxford\target\classes\com\liem\languageintergration\service\domains\TranslationTrackingCommandService.class]
2022-08-06 11:20:05.539 TRACE 22676 --- [restartedMain] o.s.d.r.c.RepositoryComponentProvider    : Ignored because not matching any filter: file [D:\Work\Xperia\oxford\target\classes\com\liem\languageintergration\service\domains\TranslationTrackingCommandService.class]
2022-08-06 11:20:05.539 TRACE 22676 --- [restartedMain] o.s.d.r.c.RepositoryComponentProvider    : Scanning file [D:\Work\Xperia\oxford\target\classes\com\liem\languageintergration\service\utility\message\MessageReceiverService.class]
2022-08-06 11:20:05.540 TRACE 22676 --- [restartedMain] o.s.d.r.c.RepositoryComponentProvider    : Ignored because not matching any filter: file [D:\Work\Xperia\oxford\target\classes\com\liem\languageintergration\service\utility\message\MessageReceiverService.class]
2022-08-06 11:20:05.540 TRACE 22676 --- [restartedMain] o.s.d.r.c.RepositoryComponentProvider    : Scanning file [D:\Work\Xperia\oxford\target\classes\com\liem\languageintergration\service\utility\message\MessageSenderService.class]
2022-08-06 11:20:05.540 TRACE 22676 --- [restartedMain] o.s.d.r.c.RepositoryComponentProvider    : Ignored because not matching any filter: file [D:\Work\Xperia\oxford\target\classes\com\liem\languageintergration\service\utility\message\MessageSenderService.class]
2022-08-06 11:20:05.540 TRACE 22676 --- [restartedMain] o.s.d.r.c.RepositoryComponentProvider    : Scanning file [D:\Work\Xperia\oxford\target\classes\com\liem\languageintergration\service\utility\message\impl\AbstractRabbitMqMessageReceiverService.class]
2022-08-06 11:20:05.541 TRACE 22676 --- [restartedMain] o.s.d.r.c.RepositoryComponentProvider    : Ignored because not matching any filter: file [D:\Work\Xperia\oxford\target\classes\com\liem\languageintergration\service\utility\message\impl\AbstractRabbitMqMessageReceiverService.class]
2022-08-06 11:20:05.541 TRACE 22676 --- [restartedMain] o.s.d.r.c.RepositoryComponentProvider    : Scanning file [D:\Work\Xperia\oxford\target\classes\com\liem\languageintergration\service\utility\message\impl\AbstractRabbitMqMessageSenderService.class]
2022-08-06 11:20:05.542 TRACE 22676 --- [restartedMain] o.s.d.r.c.RepositoryComponentProvider    : Ignored because not matching any filter: file [D:\Work\Xperia\oxford\target\classes\com\liem\languageintergration\service\utility\message\impl\AbstractRabbitMqMessageSenderService.class]
2022-08-06 11:20:05.542 TRACE 22676 --- [restartedMain] o.s.d.r.c.RepositoryComponentProvider    : Scanning file [D:\Work\Xperia\oxford\target\classes\com\liem\languageintergration\utils\reflection\ReflectionUtils.class]
2022-08-06 11:20:05.544 TRACE 22676 --- [restartedMain] o.s.d.r.c.RepositoryComponentProvider    : Ignored because not matching any filter: file [D:\Work\Xperia\oxford\target\classes\com\liem\languageintergration\utils\reflection\ReflectionUtils.class]
2022-08-06 11:20:05.544  INFO 22676 --- [restartedMain] .s.d.r.c.RepositoryConfigurationDelegate : Finished Spring Data repository scanning in 93 ms. Found 0 Redis repository interfaces.
2022-08-06 11:20:05.804 TRACE 22676 --- [restartedMain] s.w.r.r.m.a.RequestMappingHandlerMapping : 
	o.s.w.a.OpenApiWebfluxResource:
	{GET /v3/api-docs, produces [application/json]}: openapiJson(ServerHttpRequest,String,Locale)
	{GET /v3/api-docs.yaml, produces [application/vnd.oai.openapi]}: openapiYaml(ServerHttpRequest,String,Locale)
2022-08-06 11:20:05.811 TRACE 22676 --- [restartedMain] s.w.r.r.m.a.RequestMappingHandlerMapping : 
	o.s.w.u.SwaggerWelcomeWebFlux:
	{GET /swagger-ui.html}: redirectToUi(ServerHttpRequest,ServerHttpResponse)
2022-08-06 11:20:05.814 TRACE 22676 --- [restartedMain] s.w.r.r.m.a.RequestMappingHandlerMapping : 
	o.s.w.u.SwaggerConfigResource:
	{GET /v3/api-docs/swagger-config, produces [application/json]}: getSwaggerUiConfig(ServerHttpRequest)
2022-08-06 11:20:05.819 DEBUG 22676 --- [restartedMain] s.w.r.r.m.a.RequestMappingHandlerMapping : 4 mappings in 'requestMappingHandlerMapping'
2022-08-06 11:20:05.824 TRACE 22676 --- [restartedMain] o.s.w.r.f.s.s.RouterFunctionMapping      : 0 RouterFunction(s) in 'routerFunctionMapping'
2022-08-06 11:20:06.179 TRACE 22676 --- [restartedMain] o.s.w.r.handler.SimpleUrlHandlerMapping  : Mapped [/webjars/**] onto ResourceWebHandler [classpath [META-INF/resources/webjars/]]
2022-08-06 11:20:06.179 TRACE 22676 --- [restartedMain] o.s.w.r.handler.SimpleUrlHandlerMapping  : Mapped [/**] onto ResourceWebHandler [classpath [META-INF/resources/], classpath [resources/], classpath [static/], classpath [public/]]
2022-08-06 11:20:06.179 DEBUG 22676 --- [restartedMain] o.s.w.r.handler.SimpleUrlHandlerMapping  : Patterns [/webjars/**, /**] in 'resourceHandlerMapping'
2022-08-06 11:20:06.267  INFO 22676 --- [restartedMain] org.mongodb.driver.cluster               : Cluster created with settings {hosts=[localhost:27017], mode=SINGLE, requiredClusterType=UNKNOWN, serverSelectionTimeout='30000 ms'}
2022-08-06 11:20:06.276 DEBUG 22676 --- [restartedMain] o.s.data.convert.CustomConversions       : Adding converter from class java.lang.Character to class java.lang.String as writing converter
2022-08-06 11:20:06.276 DEBUG 22676 --- [restartedMain] o.s.data.convert.CustomConversions       : Adding converter from class java.util.Locale to class java.lang.String as writing converter
2022-08-06 11:20:06.276  INFO 22676 --- [cluster-ClusterId{value='62edebf6a6873365c15706fc', description='null'}-localhost:27017] org.mongodb.driver.connection            : Opened connection [connectionId{localValue:4, serverValue:228}] to localhost:27017
2022-08-06 11:20:06.276 DEBUG 22676 --- [restartedMain] o.s.data.convert.CustomConversions       : Adding converter from class java.math.BigDecimal to class java.lang.String as writing converter
2022-08-06 11:20:06.276  INFO 22676 --- [cluster-rtt-ClusterId{value='62edebf6a6873365c15706fc', description='null'}-localhost:27017] org.mongodb.driver.connection            : Opened connection [connectionId{localValue:5, serverValue:227}] to localhost:27017
2022-08-06 11:20:06.279  INFO 22676 --- [cluster-ClusterId{value='62edebf6a6873365c15706fc', description='null'}-localhost:27017] org.mongodb.driver.cluster               : Monitor thread successfully connected to server with description ServerDescription{address=localhost:27017, type=STANDALONE, state=CONNECTED, ok=true, minWireVersion=0, maxWireVersion=13, maxDocumentSize=16777216, logicalSessionTimeoutMinutes=30, roundTripTimeNanos=3699800}
2022-08-06 11:20:06.279 DEBUG 22676 --- [restartedMain] o.s.data.convert.CustomConversions       : Adding converter from class java.math.BigDecimal to class org.bson.types.Decimal128 as writing converter
2022-08-06 11:20:06.282 DEBUG 22676 --- [restartedMain] o.s.data.convert.CustomConversions       : Adding converter from class java.lang.String to class java.math.BigDecimal as reading converter
2022-08-06 11:20:06.300 DEBUG 22676 --- [restartedMain] o.s.data.convert.CustomConversions       : Adding converter from class org.bson.types.Decimal128 to class java.math.BigDecimal as reading converter
2022-08-06 11:20:06.301 DEBUG 22676 --- [restartedMain] o.s.data.convert.CustomConversions       : Adding converter from class java.math.BigInteger to class java.lang.String as writing converter
2022-08-06 11:20:06.301 DEBUG 22676 --- [restartedMain] o.s.data.convert.CustomConversions       : Adding converter from class java.lang.String to class java.math.BigInteger as reading converter
2022-08-06 11:20:06.302 DEBUG 22676 --- [restartedMain] o.s.data.convert.CustomConversions       : Adding converter from class java.net.URL to class java.lang.String as writing converter
2022-08-06 11:20:06.302 DEBUG 22676 --- [restartedMain] o.s.data.convert.CustomConversions       : Adding converter from class java.lang.String to class java.net.URL as reading converter
2022-08-06 11:20:06.302 DEBUG 22676 --- [restartedMain] o.s.data.convert.CustomConversions       : Adding converter from class org.bson.Document to class java.lang.String as reading converter
2022-08-06 11:20:06.303 DEBUG 22676 --- [restartedMain] o.s.data.convert.CustomConversions       : Adding converter from class org.springframework.data.mongodb.core.query.Term to class java.lang.String as writing converter
2022-08-06 11:20:06.303 DEBUG 22676 --- [restartedMain] o.s.data.convert.CustomConversions       : Adding converter from class org.springframework.data.mongodb.core.script.NamedMongoScript to class org.bson.Document as writing converter
2022-08-06 11:20:06.303 DEBUG 22676 --- [restartedMain] o.s.data.convert.CustomConversions       : Adding converter from class org.bson.Document to class org.springframework.data.mongodb.core.script.NamedMongoScript as reading converter
2022-08-06 11:20:06.304 DEBUG 22676 --- [restartedMain] o.s.data.convert.CustomConversions       : Adding converter from class java.util.Currency to class java.lang.String as writing converter
2022-08-06 11:20:06.304 DEBUG 22676 --- [restartedMain] o.s.data.convert.CustomConversions       : Adding converter from class java.lang.String to class java.util.Currency as reading converter
2022-08-06 11:20:06.305 DEBUG 22676 --- [restartedMain] o.s.data.convert.CustomConversions       : Adding converter from class java.util.concurrent.atomic.AtomicInteger to class java.lang.Integer as writing converter
2022-08-06 11:20:06.305 DEBUG 22676 --- [restartedMain] o.s.data.convert.CustomConversions       : Adding converter from class java.util.concurrent.atomic.AtomicLong to class java.lang.Long as writing converter
2022-08-06 11:20:06.306 DEBUG 22676 --- [restartedMain] o.s.data.convert.CustomConversions       : Adding converter from class java.lang.Long to class java.util.concurrent.atomic.AtomicLong as reading converter
2022-08-06 11:20:06.306 DEBUG 22676 --- [restartedMain] o.s.data.convert.CustomConversions       : Adding converter from class java.lang.Integer to class java.util.concurrent.atomic.AtomicInteger as reading converter
2022-08-06 11:20:06.307 DEBUG 22676 --- [restartedMain] o.s.data.convert.CustomConversions       : Adding converter from class org.bson.types.Binary to class [B as reading converter
2022-08-06 11:20:06.307 DEBUG 22676 --- [restartedMain] o.s.data.convert.CustomConversions       : Adding converter from class org.bson.BsonTimestamp to class java.time.Instant as reading converter
2022-08-06 11:20:06.308 DEBUG 22676 --- [restartedMain] o.s.data.convert.CustomConversions       : Adding converter from class java.net.URI to class java.lang.String as writing converter
2022-08-06 11:20:06.308 DEBUG 22676 --- [restartedMain] o.s.data.convert.CustomConversions       : Adding converter from class java.lang.String to class java.net.URI as reading converter
2022-08-06 11:20:06.308 DEBUG 22676 --- [restartedMain] o.s.data.convert.CustomConversions       : Adding converter from class org.springframework.data.geo.Box to class org.bson.Document as writing converter
2022-08-06 11:20:06.309 DEBUG 22676 --- [restartedMain] o.s.data.convert.CustomConversions       : Adding converter from class org.springframework.data.geo.Polygon to class org.bson.Document as writing converter
2022-08-06 11:20:06.309 DEBUG 22676 --- [restartedMain] o.s.data.convert.CustomConversions       : Adding converter from class org.springframework.data.geo.Circle to class org.bson.Document as writing converter
2022-08-06 11:20:06.310 DEBUG 22676 --- [restartedMain] o.s.data.convert.CustomConversions       : Adding converter from class org.springframework.data.mongodb.core.geo.Sphere to class org.bson.Document as writing converter
2022-08-06 11:20:06.310 DEBUG 22676 --- [restartedMain] o.s.data.convert.CustomConversions       : Adding converter from class org.bson.Document to class org.springframework.data.geo.Box as reading converter
2022-08-06 11:20:06.310 DEBUG 22676 --- [restartedMain] o.s.data.convert.CustomConversions       : Adding converter from class org.bson.Document to class org.springframework.data.geo.Polygon as reading converter
2022-08-06 11:20:06.311 DEBUG 22676 --- [restartedMain] o.s.data.convert.CustomConversions       : Adding converter from class org.bson.Document to class org.springframework.data.geo.Circle as reading converter
2022-08-06 11:20:06.311 DEBUG 22676 --- [restartedMain] o.s.data.convert.CustomConversions       : Adding converter from class org.bson.Document to class org.springframework.data.mongodb.core.geo.Sphere as reading converter
2022-08-06 11:20:06.312 DEBUG 22676 --- [restartedMain] o.s.data.convert.CustomConversions       : Adding converter from class org.bson.Document to class org.springframework.data.geo.Point as reading converter
2022-08-06 11:20:06.312 DEBUG 22676 --- [restartedMain] o.s.data.convert.CustomConversions       : Adding converter from class org.springframework.data.geo.Point to class org.bson.Document as writing converter
2022-08-06 11:20:06.313 DEBUG 22676 --- [restartedMain] o.s.data.convert.CustomConversions       : Adding converter from class org.springframework.data.mongodb.core.query.GeoCommand to class org.bson.Document as writing converter
2022-08-06 11:20:06.313 DEBUG 22676 --- [restartedMain] o.s.data.convert.CustomConversions       : Adding converter from interface org.springframework.data.mongodb.core.geo.GeoJson to class org.bson.Document as writing converter
2022-08-06 11:20:06.314 DEBUG 22676 --- [restartedMain] o.s.data.convert.CustomConversions       : Adding converter from class org.springframework.data.mongodb.core.geo.GeoJsonPoint to class org.bson.Document as writing converter
2022-08-06 11:20:06.314 DEBUG 22676 --- [restartedMain] o.s.data.convert.CustomConversions       : Adding converter from class org.springframework.data.mongodb.core.geo.GeoJsonPolygon to class org.bson.Document as writing converter
2022-08-06 11:20:06.314 DEBUG 22676 --- [restartedMain] o.s.data.convert.CustomConversions       : Adding converter from class org.bson.Document to class org.springframework.data.mongodb.core.geo.GeoJsonPoint as reading converter
2022-08-06 11:20:06.314 DEBUG 22676 --- [restartedMain] o.s.data.convert.CustomConversions       : Adding converter from class org.bson.Document to class org.springframework.data.mongodb.core.geo.GeoJsonPolygon as reading converter
2022-08-06 11:20:06.314 DEBUG 22676 --- [restartedMain] o.s.data.convert.CustomConversions       : Adding converter from class org.bson.Document to class org.springframework.data.mongodb.core.geo.GeoJsonLineString as reading converter
2022-08-06 11:20:06.315 DEBUG 22676 --- [restartedMain] o.s.data.convert.CustomConversions       : Adding converter from class org.bson.Document to class org.springframework.data.mongodb.core.geo.GeoJsonMultiLineString as reading converter
2022-08-06 11:20:06.315 DEBUG 22676 --- [restartedMain] o.s.data.convert.CustomConversions       : Adding converter from class org.bson.Document to class org.springframework.data.mongodb.core.geo.GeoJsonMultiPoint as reading converter
2022-08-06 11:20:06.315 DEBUG 22676 --- [restartedMain] o.s.data.convert.CustomConversions       : Adding converter from class org.bson.Document to class org.springframework.data.mongodb.core.geo.GeoJsonMultiPolygon as reading converter
2022-08-06 11:20:06.315 DEBUG 22676 --- [restartedMain] o.s.data.convert.CustomConversions       : Adding converter from class org.bson.Document to class org.springframework.data.mongodb.core.geo.GeoJsonGeometryCollection as reading converter
2022-08-06 11:20:06.315 DEBUG 22676 --- [restartedMain] o.s.data.convert.CustomConversions       : Adding converter from class org.bson.Document to interface org.springframework.data.mongodb.core.geo.GeoJson as reading converter
2022-08-06 11:20:06.316 DEBUG 22676 --- [restartedMain] o.s.data.convert.CustomConversions       : Adding converter from class java.util.Date to class java.time.LocalDateTime as reading converter
2022-08-06 11:20:06.316 DEBUG 22676 --- [restartedMain] o.s.data.convert.CustomConversions       : Adding converter from class java.time.LocalDateTime to class java.util.Date as writing converter
2022-08-06 11:20:06.317 DEBUG 22676 --- [restartedMain] o.s.data.convert.CustomConversions       : Adding converter from class java.util.Date to class java.time.LocalDate as reading converter
2022-08-06 11:20:06.317 DEBUG 22676 --- [restartedMain] o.s.data.convert.CustomConversions       : Adding converter from class java.time.LocalDate to class java.util.Date as writing converter
2022-08-06 11:20:06.317 DEBUG 22676 --- [restartedMain] o.s.data.convert.CustomConversions       : Adding converter from class java.util.Date to class java.time.LocalTime as reading converter
2022-08-06 11:20:06.317 DEBUG 22676 --- [restartedMain] o.s.data.convert.CustomConversions       : Adding converter from class java.time.LocalTime to class java.util.Date as writing converter
2022-08-06 11:20:06.317 DEBUG 22676 --- [restartedMain] o.s.data.convert.CustomConversions       : Adding converter from class java.util.Date to class java.time.Instant as reading converter
2022-08-06 11:20:06.317 DEBUG 22676 --- [restartedMain] o.s.data.convert.CustomConversions       : Adding converter from class java.time.Instant to class java.util.Date as writing converter
2022-08-06 11:20:06.318 DEBUG 22676 --- [restartedMain] o.s.data.convert.CustomConversions       : Skipping converter from class java.time.LocalDateTime to class java.time.Instant as reading converter class java.time.LocalDateTime is not a store supported simple type
2022-08-06 11:20:06.318 DEBUG 22676 --- [restartedMain] o.s.data.convert.CustomConversions       : Skipping converter from class java.time.Instant to class java.time.LocalDateTime as reading converter class java.time.Instant is not a store supported simple type
2022-08-06 11:20:06.318 DEBUG 22676 --- [restartedMain] o.s.data.convert.CustomConversions       : Adding converter from class java.time.ZoneId to class java.lang.String as writing converter
2022-08-06 11:20:06.318 DEBUG 22676 --- [restartedMain] o.s.data.convert.CustomConversions       : Adding converter from class java.lang.String to class java.time.ZoneId as reading converter
2022-08-06 11:20:06.318 DEBUG 22676 --- [restartedMain] o.s.data.convert.CustomConversions       : Adding converter from class java.time.Duration to class java.lang.String as writing converter
2022-08-06 11:20:06.318 DEBUG 22676 --- [restartedMain] o.s.data.convert.CustomConversions       : Adding converter from class java.lang.String to class java.time.Duration as reading converter
2022-08-06 11:20:06.319 DEBUG 22676 --- [restartedMain] o.s.data.convert.CustomConversions       : Adding converter from class java.time.Period to class java.lang.String as writing converter
2022-08-06 11:20:06.319 DEBUG 22676 --- [restartedMain] o.s.data.convert.CustomConversions       : Adding converter from class java.lang.String to class java.time.Period as reading converter
2022-08-06 11:20:06.319 DEBUG 22676 --- [restartedMain] o.s.data.convert.CustomConversions       : Adding converter from class java.lang.String to class java.time.LocalDate as reading converter
2022-08-06 11:20:06.319 DEBUG 22676 --- [restartedMain] o.s.data.convert.CustomConversions       : Adding converter from class java.lang.String to class java.time.LocalDateTime as reading converter
2022-08-06 11:20:06.319 DEBUG 22676 --- [restartedMain] o.s.data.convert.CustomConversions       : Adding converter from class java.lang.String to class java.time.Instant as reading converter
2022-08-06 11:20:06.472  INFO 22676 --- [restartedMain] o.s.b.d.a.OptionalLiveReloadServer       : LiveReload server is running on port 35729
2022-08-06 11:20:06.476 DEBUG 22676 --- [restartedMain] o.s.data.convert.CustomConversions       : Adding converter from class java.lang.Character to class java.lang.String as writing converter
2022-08-06 11:20:06.477 DEBUG 22676 --- [restartedMain] o.s.data.convert.CustomConversions       : Adding converter from class java.util.Locale to class java.lang.String as writing converter
2022-08-06 11:20:06.477 DEBUG 22676 --- [restartedMain] o.s.data.convert.CustomConversions       : Adding converter from class java.math.BigDecimal to class java.lang.String as writing converter
2022-08-06 11:20:06.479 DEBUG 22676 --- [restartedMain] o.s.data.convert.CustomConversions       : Adding converter from class java.math.BigDecimal to class org.bson.types.Decimal128 as writing converter
2022-08-06 11:20:06.480 DEBUG 22676 --- [restartedMain] o.s.data.convert.CustomConversions       : Adding converter from class java.lang.String to class java.math.BigDecimal as reading converter
2022-08-06 11:20:06.480 DEBUG 22676 --- [restartedMain] o.s.data.convert.CustomConversions       : Adding converter from class org.bson.types.Decimal128 to class java.math.BigDecimal as reading converter
2022-08-06 11:20:06.481 DEBUG 22676 --- [restartedMain] o.s.data.convert.CustomConversions       : Adding converter from class java.math.BigInteger to class java.lang.String as writing converter
2022-08-06 11:20:06.481 DEBUG 22676 --- [restartedMain] o.s.data.convert.CustomConversions       : Adding converter from class java.lang.String to class java.math.BigInteger as reading converter
2022-08-06 11:20:06.481 DEBUG 22676 --- [restartedMain] o.s.data.convert.CustomConversions       : Adding converter from class java.net.URL to class java.lang.String as writing converter
2022-08-06 11:20:06.481 DEBUG 22676 --- [restartedMain] o.s.data.convert.CustomConversions       : Adding converter from class java.lang.String to class java.net.URL as reading converter
2022-08-06 11:20:06.481 DEBUG 22676 --- [restartedMain] o.s.data.convert.CustomConversions       : Adding converter from class org.bson.Document to class java.lang.String as reading converter
2022-08-06 11:20:06.481 DEBUG 22676 --- [restartedMain] o.s.data.convert.CustomConversions       : Adding converter from class org.springframework.data.mongodb.core.query.Term to class java.lang.String as writing converter
2022-08-06 11:20:06.481 DEBUG 22676 --- [restartedMain] o.s.data.convert.CustomConversions       : Adding converter from class org.springframework.data.mongodb.core.script.NamedMongoScript to class org.bson.Document as writing converter
2022-08-06 11:20:06.482 DEBUG 22676 --- [restartedMain] o.s.data.convert.CustomConversions       : Adding converter from class org.bson.Document to class org.springframework.data.mongodb.core.script.NamedMongoScript as reading converter
2022-08-06 11:20:06.482 DEBUG 22676 --- [restartedMain] o.s.data.convert.CustomConversions       : Adding converter from class java.util.Currency to class java.lang.String as writing converter
2022-08-06 11:20:06.482 DEBUG 22676 --- [restartedMain] o.s.data.convert.CustomConversions       : Adding converter from class java.lang.String to class java.util.Currency as reading converter
2022-08-06 11:20:06.482 DEBUG 22676 --- [restartedMain] o.s.data.convert.CustomConversions       : Adding converter from class java.util.concurrent.atomic.AtomicInteger to class java.lang.Integer as writing converter
2022-08-06 11:20:06.482 DEBUG 22676 --- [restartedMain] o.s.data.convert.CustomConversions       : Adding converter from class java.util.concurrent.atomic.AtomicLong to class java.lang.Long as writing converter
2022-08-06 11:20:06.482 DEBUG 22676 --- [restartedMain] o.s.data.convert.CustomConversions       : Adding converter from class java.lang.Long to class java.util.concurrent.atomic.AtomicLong as reading converter
2022-08-06 11:20:06.482 DEBUG 22676 --- [restartedMain] o.s.data.convert.CustomConversions       : Adding converter from class java.lang.Integer to class java.util.concurrent.atomic.AtomicInteger as reading converter
2022-08-06 11:20:06.483 DEBUG 22676 --- [restartedMain] o.s.data.convert.CustomConversions       : Adding converter from class org.bson.types.Binary to class [B as reading converter
2022-08-06 11:20:06.483 DEBUG 22676 --- [restartedMain] o.s.data.convert.CustomConversions       : Adding converter from class org.bson.BsonTimestamp to class java.time.Instant as reading converter
2022-08-06 11:20:06.483 DEBUG 22676 --- [restartedMain] o.s.data.convert.CustomConversions       : Adding converter from class java.net.URI to class java.lang.String as writing converter
2022-08-06 11:20:06.484 DEBUG 22676 --- [restartedMain] o.s.data.convert.CustomConversions       : Adding converter from class java.lang.String to class java.net.URI as reading converter
2022-08-06 11:20:06.484 DEBUG 22676 --- [restartedMain] o.s.data.convert.CustomConversions       : Adding converter from class org.springframework.data.geo.Box to class org.bson.Document as writing converter
2022-08-06 11:20:06.484 DEBUG 22676 --- [restartedMain] o.s.data.convert.CustomConversions       : Adding converter from class org.springframework.data.geo.Polygon to class org.bson.Document as writing converter
2022-08-06 11:20:06.484 DEBUG 22676 --- [restartedMain] o.s.data.convert.CustomConversions       : Adding converter from class org.springframework.data.geo.Circle to class org.bson.Document as writing converter
2022-08-06 11:20:06.484 DEBUG 22676 --- [restartedMain] o.s.data.convert.CustomConversions       : Adding converter from class org.springframework.data.mongodb.core.geo.Sphere to class org.bson.Document as writing converter
2022-08-06 11:20:06.484 DEBUG 22676 --- [restartedMain] o.s.data.convert.CustomConversions       : Adding converter from class org.bson.Document to class org.springframework.data.geo.Box as reading converter
2022-08-06 11:20:06.484 DEBUG 22676 --- [restartedMain] o.s.data.convert.CustomConversions       : Adding converter from class org.bson.Document to class org.springframework.data.geo.Polygon as reading converter
2022-08-06 11:20:06.485 DEBUG 22676 --- [restartedMain] o.s.data.convert.CustomConversions       : Adding converter from class org.bson.Document to class org.springframework.data.geo.Circle as reading converter
2022-08-06 11:20:06.485 DEBUG 22676 --- [restartedMain] o.s.data.convert.CustomConversions       : Adding converter from class org.bson.Document to class org.springframework.data.mongodb.core.geo.Sphere as reading converter
2022-08-06 11:20:06.485 DEBUG 22676 --- [restartedMain] o.s.data.convert.CustomConversions       : Adding converter from class org.bson.Document to class org.springframework.data.geo.Point as reading converter
2022-08-06 11:20:06.485 DEBUG 22676 --- [restartedMain] o.s.data.convert.CustomConversions       : Adding converter from class org.springframework.data.geo.Point to class org.bson.Document as writing converter
2022-08-06 11:20:06.485 DEBUG 22676 --- [restartedMain] o.s.data.convert.CustomConversions       : Adding converter from class org.springframework.data.mongodb.core.query.GeoCommand to class org.bson.Document as writing converter
2022-08-06 11:20:06.485 DEBUG 22676 --- [restartedMain] o.s.data.convert.CustomConversions       : Adding converter from interface org.springframework.data.mongodb.core.geo.GeoJson to class org.bson.Document as writing converter
2022-08-06 11:20:06.486 DEBUG 22676 --- [restartedMain] o.s.data.convert.CustomConversions       : Adding converter from class org.springframework.data.mongodb.core.geo.GeoJsonPoint to class org.bson.Document as writing converter
2022-08-06 11:20:06.486 DEBUG 22676 --- [restartedMain] o.s.data.convert.CustomConversions       : Adding converter from class org.springframework.data.mongodb.core.geo.GeoJsonPolygon to class org.bson.Document as writing converter
2022-08-06 11:20:06.486 DEBUG 22676 --- [restartedMain] o.s.data.convert.CustomConversions       : Adding converter from class org.bson.Document to class org.springframework.data.mongodb.core.geo.GeoJsonPoint as reading converter
2022-08-06 11:20:06.486 DEBUG 22676 --- [restartedMain] o.s.data.convert.CustomConversions       : Adding converter from class org.bson.Document to class org.springframework.data.mongodb.core.geo.GeoJsonPolygon as reading converter
2022-08-06 11:20:06.486 DEBUG 22676 --- [restartedMain] o.s.data.convert.CustomConversions       : Adding converter from class org.bson.Document to class org.springframework.data.mongodb.core.geo.GeoJsonLineString as reading converter
2022-08-06 11:20:06.486 DEBUG 22676 --- [restartedMain] o.s.data.convert.CustomConversions       : Adding converter from class org.bson.Document to class org.springframework.data.mongodb.core.geo.GeoJsonMultiLineString as reading converter
2022-08-06 11:20:06.486 DEBUG 22676 --- [restartedMain] o.s.data.convert.CustomConversions       : Adding converter from class org.bson.Document to class org.springframework.data.mongodb.core.geo.GeoJsonMultiPoint as reading converter
2022-08-06 11:20:06.487 DEBUG 22676 --- [restartedMain] o.s.data.convert.CustomConversions       : Adding converter from class org.bson.Document to class org.springframework.data.mongodb.core.geo.GeoJsonMultiPolygon as reading converter
2022-08-06 11:20:06.487 DEBUG 22676 --- [restartedMain] o.s.data.convert.CustomConversions       : Adding converter from class org.bson.Document to class org.springframework.data.mongodb.core.geo.GeoJsonGeometryCollection as reading converter
2022-08-06 11:20:06.487 DEBUG 22676 --- [restartedMain] o.s.data.convert.CustomConversions       : Adding converter from class org.bson.Document to interface org.springframework.data.mongodb.core.geo.GeoJson as reading converter
2022-08-06 11:20:06.487 DEBUG 22676 --- [restartedMain] o.s.data.convert.CustomConversions       : Adding converter from class java.util.Date to class java.time.LocalDateTime as reading converter
2022-08-06 11:20:06.487 DEBUG 22676 --- [restartedMain] o.s.data.convert.CustomConversions       : Adding converter from class java.time.LocalDateTime to class java.util.Date as writing converter
2022-08-06 11:20:06.487 DEBUG 22676 --- [restartedMain] o.s.data.convert.CustomConversions       : Adding converter from class java.util.Date to class java.time.LocalDate as reading converter
2022-08-06 11:20:06.487 DEBUG 22676 --- [restartedMain] o.s.data.convert.CustomConversions       : Adding converter from class java.time.LocalDate to class java.util.Date as writing converter
2022-08-06 11:20:06.488 DEBUG 22676 --- [restartedMain] o.s.data.convert.CustomConversions       : Adding converter from class java.util.Date to class java.time.LocalTime as reading converter
2022-08-06 11:20:06.488 DEBUG 22676 --- [restartedMain] o.s.data.convert.CustomConversions       : Adding converter from class java.time.LocalTime to class java.util.Date as writing converter
2022-08-06 11:20:06.488 DEBUG 22676 --- [restartedMain] o.s.data.convert.CustomConversions       : Adding converter from class java.util.Date to class java.time.Instant as reading converter
2022-08-06 11:20:06.488 DEBUG 22676 --- [restartedMain] o.s.data.convert.CustomConversions       : Adding converter from class java.time.Instant to class java.util.Date as writing converter
2022-08-06 11:20:06.488 DEBUG 22676 --- [restartedMain] o.s.data.convert.CustomConversions       : Skipping converter from class java.time.LocalDateTime to class java.time.Instant as reading converter class java.time.LocalDateTime is not a store supported simple type
2022-08-06 11:20:06.489 DEBUG 22676 --- [restartedMain] o.s.data.convert.CustomConversions       : Skipping converter from class java.time.Instant to class java.time.LocalDateTime as reading converter class java.time.Instant is not a store supported simple type
2022-08-06 11:20:06.489 DEBUG 22676 --- [restartedMain] o.s.data.convert.CustomConversions       : Adding converter from class java.time.ZoneId to class java.lang.String as writing converter
2022-08-06 11:20:06.489 DEBUG 22676 --- [restartedMain] o.s.data.convert.CustomConversions       : Adding converter from class java.lang.String to class java.time.ZoneId as reading converter
2022-08-06 11:20:06.489 DEBUG 22676 --- [restartedMain] o.s.data.convert.CustomConversions       : Adding converter from class java.time.Duration to class java.lang.String as writing converter
2022-08-06 11:20:06.490 DEBUG 22676 --- [restartedMain] o.s.data.convert.CustomConversions       : Adding converter from class java.lang.String to class java.time.Duration as reading converter
2022-08-06 11:20:06.490 DEBUG 22676 --- [restartedMain] o.s.data.convert.CustomConversions       : Adding converter from class java.time.Period to class java.lang.String as writing converter
2022-08-06 11:20:06.490 DEBUG 22676 --- [restartedMain] o.s.data.convert.CustomConversions       : Adding converter from class java.lang.String to class java.time.Period as reading converter
2022-08-06 11:20:06.490 DEBUG 22676 --- [restartedMain] o.s.data.convert.CustomConversions       : Adding converter from class java.lang.String to class java.time.LocalDate as reading converter
2022-08-06 11:20:06.490 DEBUG 22676 --- [restartedMain] o.s.data.convert.CustomConversions       : Adding converter from class java.lang.String to class java.time.LocalDateTime as reading converter
2022-08-06 11:20:06.490 DEBUG 22676 --- [restartedMain] o.s.data.convert.CustomConversions       : Adding converter from class java.lang.String to class java.time.Instant as reading converter
2022-08-06 11:20:06.573  INFO 22676 --- [restartedMain] o.s.b.a.e.web.EndpointLinksResolver      : Exposing 1 endpoint(s) beneath base path '/actuator'
2022-08-06 11:20:06.585 DEBUG 22676 --- [restartedMain] o.s.w.r.r.m.a.ControllerMethodResolver   : ControllerAdvice beans: 0 @ModelAttribute, 0 @InitBinder, 1 @ExceptionHandler
2022-08-06 11:20:06.595 DEBUG 22676 --- [restartedMain] o.s.w.s.adapter.HttpWebHandlerAdapter    : enableLoggingRequestDetails='false': form data and headers will be masked to prevent unsafe logging of potentially sensitive data
2022-08-06 11:20:06.676 DEBUG 22676 --- [restartedMain] o.s.data.convert.CustomConversions       : Adding converter from class java.lang.String to class [B as writing converter
2022-08-06 11:20:06.676 DEBUG 22676 --- [restartedMain] o.s.data.convert.CustomConversions       : Adding converter from class [B to class java.lang.String as reading converter
2022-08-06 11:20:06.677 DEBUG 22676 --- [restartedMain] o.s.data.convert.CustomConversions       : Adding converter from class java.lang.Number to class [B as writing converter
2022-08-06 11:20:06.677 DEBUG 22676 --- [restartedMain] o.s.data.convert.CustomConversions       : Adding converter from class [B to class java.lang.Number as reading converter
2022-08-06 11:20:06.677 DEBUG 22676 --- [restartedMain] o.s.data.convert.CustomConversions       : Adding converter from class java.lang.Enum to class [B as writing converter
2022-08-06 11:20:06.677 DEBUG 22676 --- [restartedMain] o.s.data.convert.CustomConversions       : Adding converter from class [B to class java.lang.Enum as reading converter
2022-08-06 11:20:06.677 DEBUG 22676 --- [restartedMain] o.s.data.convert.CustomConversions       : Adding converter from class java.lang.Boolean to class [B as writing converter
2022-08-06 11:20:06.677 DEBUG 22676 --- [restartedMain] o.s.data.convert.CustomConversions       : Adding converter from class [B to class java.lang.Boolean as reading converter
2022-08-06 11:20:06.677 DEBUG 22676 --- [restartedMain] o.s.data.convert.CustomConversions       : Adding converter from class java.util.Date to class [B as writing converter
2022-08-06 11:20:06.677 DEBUG 22676 --- [restartedMain] o.s.data.convert.CustomConversions       : Adding converter from class [B to class java.util.Date as reading converter
2022-08-06 11:20:06.677 DEBUG 22676 --- [restartedMain] o.s.data.convert.CustomConversions       : Adding converter from class java.util.UUID to class [B as writing converter
2022-08-06 11:20:06.677 DEBUG 22676 --- [restartedMain] o.s.data.convert.CustomConversions       : Adding converter from class [B to class java.util.UUID as reading converter
2022-08-06 11:20:06.678 DEBUG 22676 --- [restartedMain] o.s.data.convert.CustomConversions       : Adding converter from class java.time.LocalDateTime to class [B as writing converter
2022-08-06 11:20:06.678 DEBUG 22676 --- [restartedMain] o.s.data.convert.CustomConversions       : Adding converter from class [B to class java.time.LocalDateTime as reading converter
2022-08-06 11:20:06.678 DEBUG 22676 --- [restartedMain] o.s.data.convert.CustomConversions       : Adding converter from class java.time.LocalDate to class [B as writing converter
2022-08-06 11:20:06.678 DEBUG 22676 --- [restartedMain] o.s.data.convert.CustomConversions       : Adding converter from class [B to class java.time.LocalDate as reading converter
2022-08-06 11:20:06.678 DEBUG 22676 --- [restartedMain] o.s.data.convert.CustomConversions       : Adding converter from class java.time.LocalTime to class [B as writing converter
2022-08-06 11:20:06.678 DEBUG 22676 --- [restartedMain] o.s.data.convert.CustomConversions       : Adding converter from class [B to class java.time.LocalTime as reading converter
2022-08-06 11:20:06.678 DEBUG 22676 --- [restartedMain] o.s.data.convert.CustomConversions       : Adding converter from class java.time.ZonedDateTime to class [B as writing converter
2022-08-06 11:20:06.678 DEBUG 22676 --- [restartedMain] o.s.data.convert.CustomConversions       : Adding converter from class [B to class java.time.ZonedDateTime as reading converter
2022-08-06 11:20:06.678 DEBUG 22676 --- [restartedMain] o.s.data.convert.CustomConversions       : Adding converter from class java.time.Instant to class [B as writing converter
2022-08-06 11:20:06.678 DEBUG 22676 --- [restartedMain] o.s.data.convert.CustomConversions       : Adding converter from class [B to class java.time.Instant as reading converter
2022-08-06 11:20:06.678 DEBUG 22676 --- [restartedMain] o.s.data.convert.CustomConversions       : Adding converter from class java.time.ZoneId to class [B as writing converter
2022-08-06 11:20:06.679 DEBUG 22676 --- [restartedMain] o.s.data.convert.CustomConversions       : Adding converter from class [B to class java.time.ZoneId as reading converter
2022-08-06 11:20:06.679 DEBUG 22676 --- [restartedMain] o.s.data.convert.CustomConversions       : Adding converter from class java.time.Period to class [B as writing converter
2022-08-06 11:20:06.679 DEBUG 22676 --- [restartedMain] o.s.data.convert.CustomConversions       : Adding converter from class [B to class java.time.Period as reading converter
2022-08-06 11:20:06.679 DEBUG 22676 --- [restartedMain] o.s.data.convert.CustomConversions       : Adding converter from class java.time.Duration to class [B as writing converter
2022-08-06 11:20:06.679 DEBUG 22676 --- [restartedMain] o.s.data.convert.CustomConversions       : Adding converter from class [B to class java.time.Duration as reading converter
2022-08-06 11:20:06.679 DEBUG 22676 --- [restartedMain] o.s.data.convert.CustomConversions       : Adding converter from class java.util.Date to class java.time.LocalDateTime as reading converter
2022-08-06 11:20:06.679 DEBUG 22676 --- [restartedMain] o.s.data.convert.CustomConversions       : Adding converter from class java.time.LocalDateTime to class java.util.Date as writing converter
2022-08-06 11:20:06.679 DEBUG 22676 --- [restartedMain] o.s.data.convert.CustomConversions       : Adding converter from class java.util.Date to class java.time.LocalDate as reading converter
2022-08-06 11:20:06.679 DEBUG 22676 --- [restartedMain] o.s.data.convert.CustomConversions       : Adding converter from class java.time.LocalDate to class java.util.Date as writing converter
2022-08-06 11:20:06.679 DEBUG 22676 --- [restartedMain] o.s.data.convert.CustomConversions       : Adding converter from class java.util.Date to class java.time.LocalTime as reading converter
2022-08-06 11:20:06.680 DEBUG 22676 --- [restartedMain] o.s.data.convert.CustomConversions       : Adding converter from class java.time.LocalTime to class java.util.Date as writing converter
2022-08-06 11:20:06.680 DEBUG 22676 --- [restartedMain] o.s.data.convert.CustomConversions       : Adding converter from class java.util.Date to class java.time.Instant as reading converter
2022-08-06 11:20:06.680 DEBUG 22676 --- [restartedMain] o.s.data.convert.CustomConversions       : Adding converter from class java.time.Instant to class java.util.Date as writing converter
2022-08-06 11:20:06.680 DEBUG 22676 --- [restartedMain] o.s.data.convert.CustomConversions       : Adding converter from class java.time.LocalDateTime to class java.time.Instant as reading converter
2022-08-06 11:20:06.680 DEBUG 22676 --- [restartedMain] o.s.data.convert.CustomConversions       : Adding converter from class java.time.Instant to class java.time.LocalDateTime as reading converter
2022-08-06 11:20:06.680 DEBUG 22676 --- [restartedMain] o.s.data.convert.CustomConversions       : Adding converter from class java.time.ZoneId to class java.lang.String as writing converter
2022-08-06 11:20:06.680 DEBUG 22676 --- [restartedMain] o.s.data.convert.CustomConversions       : Adding converter from class java.lang.String to class java.time.ZoneId as reading converter
2022-08-06 11:20:06.680 DEBUG 22676 --- [restartedMain] o.s.data.convert.CustomConversions       : Adding converter from class java.time.Duration to class java.lang.String as writing converter
2022-08-06 11:20:06.681 DEBUG 22676 --- [restartedMain] o.s.data.convert.CustomConversions       : Adding converter from class java.lang.String to class java.time.Duration as reading converter
2022-08-06 11:20:06.681 DEBUG 22676 --- [restartedMain] o.s.data.convert.CustomConversions       : Adding converter from class java.time.Period to class java.lang.String as writing converter
2022-08-06 11:20:06.681 DEBUG 22676 --- [restartedMain] o.s.data.convert.CustomConversions       : Adding converter from class java.lang.String to class java.time.Period as reading converter
2022-08-06 11:20:06.681 DEBUG 22676 --- [restartedMain] o.s.data.convert.CustomConversions       : Adding converter from class java.lang.String to class java.time.LocalDate as reading converter
2022-08-06 11:20:06.682 DEBUG 22676 --- [restartedMain] o.s.data.convert.CustomConversions       : Adding converter from class java.lang.String to class java.time.LocalDateTime as reading converter
2022-08-06 11:20:06.682 DEBUG 22676 --- [restartedMain] o.s.data.convert.CustomConversions       : Adding converter from class java.lang.String to class java.time.Instant as reading converter
2022-08-06 11:20:06.685 DEBUG 22676 --- [restartedMain] o.s.data.convert.CustomConversions       : Adding converter from class java.lang.String to class [B as writing converter
2022-08-06 11:20:06.686 DEBUG 22676 --- [restartedMain] o.s.data.convert.CustomConversions       : Adding converter from class [B to class java.lang.String as reading converter
2022-08-06 11:20:06.686 DEBUG 22676 --- [restartedMain] o.s.data.convert.CustomConversions       : Adding converter from class java.lang.Number to class [B as writing converter
2022-08-06 11:20:06.686 DEBUG 22676 --- [restartedMain] o.s.data.convert.CustomConversions       : Adding converter from class [B to class java.lang.Number as reading converter
2022-08-06 11:20:06.686 DEBUG 22676 --- [restartedMain] o.s.data.convert.CustomConversions       : Adding converter from class java.lang.Enum to class [B as writing converter
2022-08-06 11:20:06.686 DEBUG 22676 --- [restartedMain] o.s.data.convert.CustomConversions       : Adding converter from class [B to class java.lang.Enum as reading converter
2022-08-06 11:20:06.686 DEBUG 22676 --- [restartedMain] o.s.data.convert.CustomConversions       : Adding converter from class java.lang.Boolean to class [B as writing converter
2022-08-06 11:20:06.687 DEBUG 22676 --- [restartedMain] o.s.data.convert.CustomConversions       : Adding converter from class [B to class java.lang.Boolean as reading converter
2022-08-06 11:20:06.687 DEBUG 22676 --- [restartedMain] o.s.data.convert.CustomConversions       : Adding converter from class java.util.Date to class [B as writing converter
2022-08-06 11:20:06.687 DEBUG 22676 --- [restartedMain] o.s.data.convert.CustomConversions       : Adding converter from class [B to class java.util.Date as reading converter
2022-08-06 11:20:06.687 DEBUG 22676 --- [restartedMain] o.s.data.convert.CustomConversions       : Adding converter from class java.util.UUID to class [B as writing converter
2022-08-06 11:20:06.687 DEBUG 22676 --- [restartedMain] o.s.data.convert.CustomConversions       : Adding converter from class [B to class java.util.UUID as reading converter
2022-08-06 11:20:06.687 DEBUG 22676 --- [restartedMain] o.s.data.convert.CustomConversions       : Adding converter from class java.time.LocalDateTime to class [B as writing converter
2022-08-06 11:20:06.687 DEBUG 22676 --- [restartedMain] o.s.data.convert.CustomConversions       : Adding converter from class [B to class java.time.LocalDateTime as reading converter
2022-08-06 11:20:06.688 DEBUG 22676 --- [restartedMain] o.s.data.convert.CustomConversions       : Adding converter from class java.time.LocalDate to class [B as writing converter
2022-08-06 11:20:06.688 DEBUG 22676 --- [restartedMain] o.s.data.convert.CustomConversions       : Adding converter from class [B to class java.time.LocalDate as reading converter
2022-08-06 11:20:06.688 DEBUG 22676 --- [restartedMain] o.s.data.convert.CustomConversions       : Adding converter from class java.time.LocalTime to class [B as writing converter
2022-08-06 11:20:06.688 DEBUG 22676 --- [restartedMain] o.s.data.convert.CustomConversions       : Adding converter from class [B to class java.time.LocalTime as reading converter
2022-08-06 11:20:06.688 DEBUG 22676 --- [restartedMain] o.s.data.convert.CustomConversions       : Adding converter from class java.time.ZonedDateTime to class [B as writing converter
2022-08-06 11:20:06.688 DEBUG 22676 --- [restartedMain] o.s.data.convert.CustomConversions       : Adding converter from class [B to class java.time.ZonedDateTime as reading converter
2022-08-06 11:20:06.688 DEBUG 22676 --- [restartedMain] o.s.data.convert.CustomConversions       : Adding converter from class java.time.Instant to class [B as writing converter
2022-08-06 11:20:06.689 DEBUG 22676 --- [restartedMain] o.s.data.convert.CustomConversions       : Adding converter from class [B to class java.time.Instant as reading converter
2022-08-06 11:20:06.689 DEBUG 22676 --- [restartedMain] o.s.data.convert.CustomConversions       : Adding converter from class java.time.ZoneId to class [B as writing converter
2022-08-06 11:20:06.689 DEBUG 22676 --- [restartedMain] o.s.data.convert.CustomConversions       : Adding converter from class [B to class java.time.ZoneId as reading converter
2022-08-06 11:20:06.689 DEBUG 22676 --- [restartedMain] o.s.data.convert.CustomConversions       : Adding converter from class java.time.Period to class [B as writing converter
2022-08-06 11:20:06.689 DEBUG 22676 --- [restartedMain] o.s.data.convert.CustomConversions       : Adding converter from class [B to class java.time.Period as reading converter
2022-08-06 11:20:06.689 DEBUG 22676 --- [restartedMain] o.s.data.convert.CustomConversions       : Adding converter from class java.time.Duration to class [B as writing converter
2022-08-06 11:20:06.689 DEBUG 22676 --- [restartedMain] o.s.data.convert.CustomConversions       : Adding converter from class [B to class java.time.Duration as reading converter
2022-08-06 11:20:06.689 DEBUG 22676 --- [restartedMain] o.s.data.convert.CustomConversions       : Adding converter from class java.util.Date to class java.time.LocalDateTime as reading converter
2022-08-06 11:20:06.689 DEBUG 22676 --- [restartedMain] o.s.data.convert.CustomConversions       : Adding converter from class java.time.LocalDateTime to class java.util.Date as writing converter
2022-08-06 11:20:06.690 DEBUG 22676 --- [restartedMain] o.s.data.convert.CustomConversions       : Adding converter from class java.util.Date to class java.time.LocalDate as reading converter
2022-08-06 11:20:06.690 DEBUG 22676 --- [restartedMain] o.s.data.convert.CustomConversions       : Adding converter from class java.time.LocalDate to class java.util.Date as writing converter
2022-08-06 11:20:06.690 DEBUG 22676 --- [restartedMain] o.s.data.convert.CustomConversions       : Adding converter from class java.util.Date to class java.time.LocalTime as reading converter
2022-08-06 11:20:06.690 DEBUG 22676 --- [restartedMain] o.s.data.convert.CustomConversions       : Adding converter from class java.time.LocalTime to class java.util.Date as writing converter
2022-08-06 11:20:06.690 DEBUG 22676 --- [restartedMain] o.s.data.convert.CustomConversions       : Adding converter from class java.util.Date to class java.time.Instant as reading converter
2022-08-06 11:20:06.690 DEBUG 22676 --- [restartedMain] o.s.data.convert.CustomConversions       : Adding converter from class java.time.Instant to class java.util.Date as writing converter
2022-08-06 11:20:06.690 DEBUG 22676 --- [restartedMain] o.s.data.convert.CustomConversions       : Adding converter from class java.time.LocalDateTime to class java.time.Instant as reading converter
2022-08-06 11:20:06.690 DEBUG 22676 --- [restartedMain] o.s.data.convert.CustomConversions       : Adding converter from class java.time.Instant to class java.time.LocalDateTime as reading converter
2022-08-06 11:20:06.690 DEBUG 22676 --- [restartedMain] o.s.data.convert.CustomConversions       : Adding converter from class java.time.ZoneId to class java.lang.String as writing converter
2022-08-06 11:20:06.691 DEBUG 22676 --- [restartedMain] o.s.data.convert.CustomConversions       : Adding converter from class java.lang.String to class java.time.ZoneId as reading converter
2022-08-06 11:20:06.691 DEBUG 22676 --- [restartedMain] o.s.data.convert.CustomConversions       : Adding converter from class java.time.Duration to class java.lang.String as writing converter
2022-08-06 11:20:06.691 DEBUG 22676 --- [restartedMain] o.s.data.convert.CustomConversions       : Adding converter from class java.lang.String to class java.time.Duration as reading converter
2022-08-06 11:20:06.692 DEBUG 22676 --- [restartedMain] o.s.data.convert.CustomConversions       : Adding converter from class java.time.Period to class java.lang.String as writing converter
2022-08-06 11:20:06.692 DEBUG 22676 --- [restartedMain] o.s.data.convert.CustomConversions       : Adding converter from class java.lang.String to class java.time.Period as reading converter
2022-08-06 11:20:06.692 DEBUG 22676 --- [restartedMain] o.s.data.convert.CustomConversions       : Adding converter from class java.lang.String to class java.time.LocalDate as reading converter
2022-08-06 11:20:06.692 DEBUG 22676 --- [restartedMain] o.s.data.convert.CustomConversions       : Adding converter from class java.lang.String to class java.time.LocalDateTime as reading converter
2022-08-06 11:20:06.692 DEBUG 22676 --- [restartedMain] o.s.data.convert.CustomConversions       : Adding converter from class java.lang.String to class java.time.Instant as reading converter
2022-08-06 11:20:06.693 DEBUG 22676 --- [restartedMain] o.s.data.convert.CustomConversions       : Adding converter from class java.lang.String to class [B as writing converter
2022-08-06 11:20:06.693 DEBUG 22676 --- [restartedMain] o.s.data.convert.CustomConversions       : Adding converter from class [B to class java.lang.String as reading converter
2022-08-06 11:20:06.694 DEBUG 22676 --- [restartedMain] o.s.data.convert.CustomConversions       : Adding converter from class java.lang.Number to class [B as writing converter
2022-08-06 11:20:06.694 DEBUG 22676 --- [restartedMain] o.s.data.convert.CustomConversions       : Adding converter from class [B to class java.lang.Number as reading converter
2022-08-06 11:20:06.694 DEBUG 22676 --- [restartedMain] o.s.data.convert.CustomConversions       : Adding converter from class java.lang.Enum to class [B as writing converter
2022-08-06 11:20:06.694 DEBUG 22676 --- [restartedMain] o.s.data.convert.CustomConversions       : Adding converter from class [B to class java.lang.Enum as reading converter
2022-08-06 11:20:06.694 DEBUG 22676 --- [restartedMain] o.s.data.convert.CustomConversions       : Adding converter from class java.lang.Boolean to class [B as writing converter
2022-08-06 11:20:06.694 DEBUG 22676 --- [restartedMain] o.s.data.convert.CustomConversions       : Adding converter from class [B to class java.lang.Boolean as reading converter
2022-08-06 11:20:06.694 DEBUG 22676 --- [restartedMain] o.s.data.convert.CustomConversions       : Adding converter from class java.util.Date to class [B as writing converter
2022-08-06 11:20:06.695 DEBUG 22676 --- [restartedMain] o.s.data.convert.CustomConversions       : Adding converter from class [B to class java.util.Date as reading converter
2022-08-06 11:20:06.695 DEBUG 22676 --- [restartedMain] o.s.data.convert.CustomConversions       : Adding converter from class java.util.UUID to class [B as writing converter
2022-08-06 11:20:06.695 DEBUG 22676 --- [restartedMain] o.s.data.convert.CustomConversions       : Adding converter from class [B to class java.util.UUID as reading converter
2022-08-06 11:20:06.695 DEBUG 22676 --- [restartedMain] o.s.data.convert.CustomConversions       : Adding converter from class java.time.LocalDateTime to class [B as writing converter
2022-08-06 11:20:06.695 DEBUG 22676 --- [restartedMain] o.s.data.convert.CustomConversions       : Adding converter from class [B to class java.time.LocalDateTime as reading converter
2022-08-06 11:20:06.695 DEBUG 22676 --- [restartedMain] o.s.data.convert.CustomConversions       : Adding converter from class java.time.LocalDate to class [B as writing converter
2022-08-06 11:20:06.695 DEBUG 22676 --- [restartedMain] o.s.data.convert.CustomConversions       : Adding converter from class [B to class java.time.LocalDate as reading converter
2022-08-06 11:20:06.696 DEBUG 22676 --- [restartedMain] o.s.data.convert.CustomConversions       : Adding converter from class java.time.LocalTime to class [B as writing converter
2022-08-06 11:20:06.696 DEBUG 22676 --- [restartedMain] o.s.data.convert.CustomConversions       : Adding converter from class [B to class java.time.LocalTime as reading converter
2022-08-06 11:20:06.696 DEBUG 22676 --- [restartedMain] o.s.data.convert.CustomConversions       : Adding converter from class java.time.ZonedDateTime to class [B as writing converter
2022-08-06 11:20:06.696 DEBUG 22676 --- [restartedMain] o.s.data.convert.CustomConversions       : Adding converter from class [B to class java.time.ZonedDateTime as reading converter
2022-08-06 11:20:06.696 DEBUG 22676 --- [restartedMain] o.s.data.convert.CustomConversions       : Adding converter from class java.time.Instant to class [B as writing converter
2022-08-06 11:20:06.696 DEBUG 22676 --- [restartedMain] o.s.data.convert.CustomConversions       : Adding converter from class [B to class java.time.Instant as reading converter
2022-08-06 11:20:06.696 DEBUG 22676 --- [restartedMain] o.s.data.convert.CustomConversions       : Adding converter from class java.time.ZoneId to class [B as writing converter
2022-08-06 11:20:06.697 DEBUG 22676 --- [restartedMain] o.s.data.convert.CustomConversions       : Adding converter from class [B to class java.time.ZoneId as reading converter
2022-08-06 11:20:06.697 DEBUG 22676 --- [restartedMain] o.s.data.convert.CustomConversions       : Adding converter from class java.time.Period to class [B as writing converter
2022-08-06 11:20:06.697 DEBUG 22676 --- [restartedMain] o.s.data.convert.CustomConversions       : Adding converter from class [B to class java.time.Period as reading converter
2022-08-06 11:20:06.697 DEBUG 22676 --- [restartedMain] o.s.data.convert.CustomConversions       : Adding converter from class java.time.Duration to class [B as writing converter
2022-08-06 11:20:06.697 DEBUG 22676 --- [restartedMain] o.s.data.convert.CustomConversions       : Adding converter from class [B to class java.time.Duration as reading converter
2022-08-06 11:20:06.697 DEBUG 22676 --- [restartedMain] o.s.data.convert.CustomConversions       : Adding converter from class java.util.Date to class java.time.LocalDateTime as reading converter
2022-08-06 11:20:06.698 DEBUG 22676 --- [restartedMain] o.s.data.convert.CustomConversions       : Adding converter from class java.time.LocalDateTime to class java.util.Date as writing converter
2022-08-06 11:20:06.698 DEBUG 22676 --- [restartedMain] o.s.data.convert.CustomConversions       : Adding converter from class java.util.Date to class java.time.LocalDate as reading converter
2022-08-06 11:20:06.698 DEBUG 22676 --- [restartedMain] o.s.data.convert.CustomConversions       : Adding converter from class java.time.LocalDate to class java.util.Date as writing converter
2022-08-06 11:20:06.698 DEBUG 22676 --- [restartedMain] o.s.data.convert.CustomConversions       : Adding converter from class java.util.Date to class java.time.LocalTime as reading converter
2022-08-06 11:20:06.698 DEBUG 22676 --- [restartedMain] o.s.data.convert.CustomConversions       : Adding converter from class java.time.LocalTime to class java.util.Date as writing converter
2022-08-06 11:20:06.698 DEBUG 22676 --- [restartedMain] o.s.data.convert.CustomConversions       : Adding converter from class java.util.Date to class java.time.Instant as reading converter
2022-08-06 11:20:06.698 DEBUG 22676 --- [restartedMain] o.s.data.convert.CustomConversions       : Adding converter from class java.time.Instant to class java.util.Date as writing converter
2022-08-06 11:20:06.699 DEBUG 22676 --- [restartedMain] o.s.data.convert.CustomConversions       : Adding converter from class java.time.LocalDateTime to class java.time.Instant as reading converter
2022-08-06 11:20:06.699 DEBUG 22676 --- [restartedMain] o.s.data.convert.CustomConversions       : Adding converter from class java.time.Instant to class java.time.LocalDateTime as reading converter
2022-08-06 11:20:06.699 DEBUG 22676 --- [restartedMain] o.s.data.convert.CustomConversions       : Adding converter from class java.time.ZoneId to class java.lang.String as writing converter
2022-08-06 11:20:06.699 DEBUG 22676 --- [restartedMain] o.s.data.convert.CustomConversions       : Adding converter from class java.lang.String to class java.time.ZoneId as reading converter
2022-08-06 11:20:06.699 DEBUG 22676 --- [restartedMain] o.s.data.convert.CustomConversions       : Adding converter from class java.time.Duration to class java.lang.String as writing converter
2022-08-06 11:20:06.699 DEBUG 22676 --- [restartedMain] o.s.data.convert.CustomConversions       : Adding converter from class java.lang.String to class java.time.Duration as reading converter
2022-08-06 11:20:06.700 DEBUG 22676 --- [restartedMain] o.s.data.convert.CustomConversions       : Adding converter from class java.time.Period to class java.lang.String as writing converter
2022-08-06 11:20:06.700 DEBUG 22676 --- [restartedMain] o.s.data.convert.CustomConversions       : Adding converter from class java.lang.String to class java.time.Period as reading converter
2022-08-06 11:20:06.700 DEBUG 22676 --- [restartedMain] o.s.data.convert.CustomConversions       : Adding converter from class java.lang.String to class java.time.LocalDate as reading converter
2022-08-06 11:20:06.701 DEBUG 22676 --- [restartedMain] o.s.data.convert.CustomConversions       : Adding converter from class java.lang.String to class java.time.LocalDateTime as reading converter
2022-08-06 11:20:06.701 DEBUG 22676 --- [restartedMain] o.s.data.convert.CustomConversions       : Adding converter from class java.lang.String to class java.time.Instant as reading converter
2022-08-06 11:20:06.706 DEBUG 22676 --- [restartedMain] o.s.d.r.l.RedisMessageListenerContainer  : Postpone listening for Redis messages until actual listeners are added
2022-08-06 11:20:06.706 DEBUG 22676 --- [restartedMain] o.s.d.r.l.RedisMessageListenerContainer  : Started RedisMessageListenerContainer
2022-08-06 11:20:06.743  INFO 22676 --- [restartedMain] o.s.b.web.embedded.netty.NettyWebServer  : Netty started on port 8080
2022-08-06 11:20:06.755  INFO 22676 --- [restartedMain] c.l.l.OxfordApplication                  : Started OxfordApplication in 2.141 seconds (JVM running for 86.724)
2022-08-06 11:20:06.761  INFO 22676 --- [restartedMain] .ConditionEvaluationDeltaLoggingListener : Condition evaluation delta:


==========================
CONDITION EVALUATION DELTA
==========================


Positive matches:
-----------------

   JacksonAutoConfiguration.JacksonObjectMapperConfiguration#jacksonObjectMapper matched:
      - @ConditionalOnMissingBean (types: com.fasterxml.jackson.databind.ObjectMapper; SearchStrategy: all) did not find any beans (OnBeanCondition)

   RedisReactiveAutoConfiguration#reactiveRedisTemplate matched:
      - @ConditionalOnBean (types: org.springframework.data.redis.connection.ReactiveRedisConnectionFactory; SearchStrategy: all) found bean 'redisConnectionFactory'; @ConditionalOnMissingBean (names: reactiveRedisTemplate; SearchStrategy: all) did not find any beans (OnBeanCondition)


Negative matches:
-----------------

    None


Exclusions:
-----------

    None


Unconditional classes:
----------------------

    None



2022-08-06 11:20:08.165 DEBUG 22676 --- [Thread-20] o.s.d.r.l.RedisMessageListenerContainer  : Stopped RedisMessageListenerContainer
